** Drc report for psx-mod.kicad_pcb **
** Created on 2024-07-09T23:27:20+1000 **

** Found 266 DRC violations **
[track_dangling]: Track has unconnected end
    Local override; warning
    @(137.9750 mm, 99.0500 mm): Track [/dbg] on F.Cu, length 1.4743 mm
[via_dangling]: Via is not connected or connected on only one layer
    Local override; warning
    @(157.2750 mm, 109.5000 mm): Via [Net-(U4-~{RTS})] on F.Cu - B.Cu
[hole_clearance]: Hole clearance violation (rule 'PTH to Track clearance)' clearance 0.3300 mm; actual 0.3000 mm)
    Rule: PTH to Track clearance); error
    @(156.0250 mm, 101.5000 mm): Track [GND] on F.Cu, length 4.5000 mm
    @(156.5250 mm, 103.0000 mm): Via [/txd] on F.Cu - B.Cu
[hole_clearance]: Hole clearance violation (rule 'PTH to Track clearance)' clearance 0.3300 mm; actual 0.3000 mm)
    Rule: PTH to Track clearance); error
    @(144.7750 mm, 91.2500 mm): Track [Net-(U1-PA1)] on B.Cu, length 0.8157 mm
    @(145.5250 mm, 91.7500 mm): Via [GND] on F.Cu - B.Cu
[clearance]: Clearance violation (rule 'Pad to Track clearance)' clearance 0.2000 mm; actual 0.1500 mm)
    Rule: Pad to Track clearance); error
    @(160.7750 mm, 100.5000 mm): Via [Net-(J10-CC1)] on F.Cu - B.Cu
    @(160.2386 mm, 100.4000 mm): Track [Net-(J10-D+-PadA6)] on F.Cu, length 0.9899 mm
[clearance]: Clearance violation (rule 'Pad to Track clearance)' clearance 0.2000 mm; actual 0.1250 mm)
    Rule: Pad to Track clearance); error
    @(164.9500 mm, 109.0625 mm): Track [GND] on F.Cu, length 5.5116 mm
    @(164.5250 mm, 113.0000 mm): Via [/dsr] on F.Cu - B.Cu
[hole_clearance]: Hole clearance violation (rule 'PTH to Track clearance)' clearance 0.3300 mm; actual 0.3000 mm)
    Rule: PTH to Track clearance); error
    @(143.7750 mm, 103.8375 mm): Track [Net-(U1-PA7)] on F.Cu, length 2.0425 mm
    @(143.2750 mm, 102.7500 mm): Via [/sco] on F.Cu - B.Cu
[clearance]: Clearance violation (rule 'Pad to Track clearance)' clearance 0.2000 mm; actual 0.1027 mm)
    Rule: Pad to Track clearance); error
    @(156.3407 mm, 107.0000 mm): Track [/dbg] on F.Cu, length 3.4343 mm
    @(156.0250 mm, 107.2500 mm): Via [Net-(U4-UD+)] on F.Cu - B.Cu
[clearance]: Clearance violation (rule 'Minimum Trace Spacing (outer layer)' clearance 0.1270 mm; actual 0.1000 mm)
    Rule: Minimum Trace Spacing (outer layer); error
    @(148.3750 mm, 96.0243 mm): Track [Net-(U1-PA1)] on B.Cu, length 3.5757 mm
    @(147.7750 mm, 95.0000 mm): Track [Net-(U1-PA2)] on B.Cu, length 1.4142 mm
[clearance]: Clearance violation (rule 'Minimum Trace Spacing (outer layer)' clearance 0.1270 mm; actual 0.1230 mm)
    Rule: Minimum Trace Spacing (outer layer); error
    @(154.9259 mm, 111.0000 mm): Track [VDD] on F.Cu, length 0.9205 mm
    @(154.4691 mm, 111.0000 mm): Track [GND] on F.Cu, length 1.3347 mm
[hole_clearance]: Hole clearance violation (rule 'PTH to Track clearance)' clearance 0.3300 mm; actual 0.3001 mm)
    Rule: PTH to Track clearance); error
    @(161.9250 mm, 92.9000 mm): Track [GND] on F.Cu, length 1.6546 mm
    @(161.6650 mm, 93.5500 mm): PTH pad [<no net>] of J10
[clearance]: Clearance violation (rule 'Pad to Track clearance)' clearance 0.2000 mm; actual 0.1861 mm)
    Rule: Pad to Track clearance); error
    @(160.5250 mm, 95.7500 mm): Via [Net-(J10-CC1)] on F.Cu - B.Cu
    @(159.5250 mm, 95.4375 mm): Track [Net-(J10-D--PadA7)] on F.Cu, length 3.3411 mm
[hole_clearance]: Hole clearance violation (rule 'PTH to Track clearance)' clearance 0.3300 mm; actual 0.3000 mm)
    Rule: PTH to Track clearance); error
    @(137.8247 mm, 94.2500 mm): Track [/csc] on F.Cu, length 0.4503 mm
    @(138.0250 mm, 94.7500 mm): Via [/gck] on F.Cu - B.Cu
[hole_clearance]: Hole clearance violation (rule 'PTH to Track clearance)' clearance 0.3300 mm; actual 0.3000 mm)
    Rule: PTH to Track clearance); error
    @(159.7750 mm, 111.0000 mm): Track [VDD] on F.Cu, length 3.3000 mm
    @(160.7750 mm, 111.5000 mm): Via [Net-(U4-~{DTR})] on F.Cu - B.Cu
[clearance]: Clearance violation (rule 'Minimum Trace Spacing (outer layer)' clearance 0.1270 mm; actual 0.1000 mm)
    Rule: Minimum Trace Spacing (outer layer); error
    @(156.0250 mm, 101.5000 mm): Track [GND] on F.Cu, length 4.5000 mm
    @(155.7250 mm, 104.7000 mm): Track [/dbg] on F.Cu, length 1.6843 mm
[clearance]: Clearance violation (rule 'Minimum Trace Spacing (outer layer)' clearance 0.1270 mm; actual 0.1000 mm)
    Rule: Minimum Trace Spacing (outer layer); error
    @(156.0250 mm, 106.0000 mm): Track [GND] on F.Cu, length 0.3536 mm
    @(155.7250 mm, 104.7000 mm): Track [/dbg] on F.Cu, length 1.6843 mm
[clearance]: Clearance violation (rule 'Pad to Track clearance)' clearance 0.2000 mm; actual 0.1950 mm)
    Rule: Pad to Track clearance); error
    @(160.2750 mm, 107.5000 mm): Via [/dbg] on F.Cu - B.Cu
    @(160.3200 mm, 108.1550 mm): Track [Net-(U4-UD-)] on F.Cu, length 1.1384 mm
[clearance]: Clearance violation (rule 'Pad to Track clearance)' clearance 0.2000 mm; actual 0.1750 mm)
    Rule: Pad to Track clearance); error
    @(136.7750 mm, 92.5000 mm): Via [/gck] on F.Cu - B.Cu
    @(137.2500 mm, 92.5625 mm): Track [Net-(U2-CLK2)] on F.Cu, length 1.2875 mm
[hole_clearance]: Hole clearance violation (rule 'PTH to Track clearance)' clearance 0.3300 mm; actual 0.3000 mm)
    Rule: PTH to Track clearance); error
    @(160.7750 mm, 110.5000 mm): Track [Net-(U4-~{DTR})] on B.Cu, length 4.3350 mm
    @(160.2750 mm, 107.5000 mm): Via [/dbg] on F.Cu - B.Cu
[hole_clearance]: Hole clearance violation (rule 'PTH to Track clearance)' clearance 0.3300 mm; actual 0.3000 mm)
    Rule: PTH to Track clearance); error
    @(160.7750 mm, 112.7500 mm): Track [Net-(U4-~{DTR})] on F.Cu, length 1.2500 mm
    @(161.2750 mm, 112.2500 mm): Via [Net-(U4-~{DSR})] on F.Cu - B.Cu
[clearance]: Clearance violation (rule 'Minimum Trace Spacing (outer layer)' clearance 0.1270 mm; actual 0.1250 mm)
    Rule: Minimum Trace Spacing (outer layer); error
    @(143.5250 mm, 104.0875 mm): Track [Net-(U1-PA7)] on F.Cu, length 0.3536 mm
    @(144.1000 mm, 104.9875 mm): Track [/dbg] on F.Cu, length 2.7466 mm
[hole_clearance]: Hole clearance violation (rule 'PTH to Track clearance)' clearance 0.3300 mm; actual 0.3200 mm)
    Rule: PTH to Track clearance); error
    @(143.6675 mm, 100.7700 mm): Track [Net-(U1-PB1)] on F.Cu, length 2.5816 mm
    @(143.7750 mm, 100.2500 mm): Via [GND] on F.Cu - B.Cu
[clearance]: Clearance violation (rule 'Pad to Track clearance)' clearance 0.2000 mm; actual 0.1000 mm)
    Rule: Pad to Track clearance); error
    @(137.7422 mm, 101.7172 mm): Via [/dbg] on F.Cu - B.Cu
    @(136.5250 mm, 103.5000 mm): Track [VDD] on F.Cu, length 2.4749 mm
[clearance]: Clearance violation (rule 'Minimum Trace Spacing (outer layer)' clearance 0.1270 mm; actual 0.1000 mm)
    Rule: Minimum Trace Spacing (outer layer); error
    @(157.6750 mm, 100.4000 mm): Track [Net-(J10-D+-PadA6)] on F.Cu, length 2.5636 mm
    @(157.6007 mm, 100.7500 mm): Track [Net-(J10-CC2)] on F.Cu, length 1.1678 mm
[clearance]: Clearance violation (rule 'Pad to Track clearance)' clearance 0.2000 mm; actual 0.1000 mm)
    Rule: Pad to Track clearance); error
    @(148.7750 mm, 98.7300 mm): Via [Net-(U1-PA2)] on F.Cu - B.Cu
    @(148.3750 mm, 96.0243 mm): Track [Net-(U1-PA1)] on B.Cu, length 3.5757 mm
[hole_clearance]: Hole clearance violation (rule 'PTH to Track clearance)' clearance 0.3300 mm; actual 0.3000 mm)
    Rule: PTH to Track clearance); error
    @(160.7750 mm, 105.2500 mm): Track [Net-(U4-UD-)] on F.Cu, length 1.7500 mm
    @(160.2750 mm, 105.6650 mm): Via [Net-(U4-~{DTR})] on F.Cu - B.Cu
[hole_clearance]: Hole clearance violation (rule 'PTH to Track clearance)' clearance 0.3300 mm; actual 0.3203 mm)
    Rule: PTH to Track clearance); error
    @(157.8610 mm, 109.5203 mm): Track [Net-(U4-UD+)] on F.Cu, length 2.7311 mm
    @(160.2750 mm, 109.0000 mm): Via [Net-(U4-~{DSR})] on F.Cu - B.Cu
[clearance]: Clearance violation (rule 'Minimum Trace Spacing (outer layer)' clearance 0.1270 mm; actual 0.1000 mm)
    Rule: Minimum Trace Spacing (outer layer); error
    @(147.7750 mm, 93.2500 mm): Track [Net-(U1-PA2)] on B.Cu, length 1.7500 mm
    @(146.5250 mm, 94.1743 mm): Track [Net-(U1-PA1)] on B.Cu, length 2.6163 mm
[hole_clearance]: Hole clearance violation (rule 'PTH to Track clearance)' clearance 0.3300 mm; actual 0.3000 mm)
    Rule: PTH to Track clearance); error
    @(141.1500 mm, 98.7500 mm): Track [Net-(U2-XB)] on F.Cu, length 0.3250 mm
    @(141.0250 mm, 99.2500 mm): Via [GND] on F.Cu - B.Cu
[clearance]: Clearance violation (rule 'Minimum Trace Spacing (outer layer)' clearance 0.1270 mm; actual 0.1000 mm)
    Rule: Minimum Trace Spacing (outer layer); error
    @(156.9650 mm, 93.5600 mm): Track [VBUS] on F.Cu, length 3.6200 mm
    @(159.3750 mm, 93.8600 mm): Track [Net-(J10-D--PadA7)] on F.Cu, length 0.2121 mm
[hole_clearance]: Hole clearance violation (rule 'PTH to Track clearance)' clearance 0.3300 mm; actual 0.3000 mm)
    Rule: PTH to Track clearance); error
    @(159.7750 mm, 112.2500 mm): Track [/dbg] on B.Cu, length 3.5000 mm
    @(160.2750 mm, 109.0000 mm): Via [Net-(U4-~{DSR})] on F.Cu - B.Cu
[clearance]: Clearance violation (rule 'Pad to Track clearance)' clearance 0.2000 mm; actual 0.1000 mm)
    Rule: Pad to Track clearance); error
    @(156.8875 mm, 111.8625 mm): Via [/cts] on F.Cu - B.Cu
    @(156.4875 mm, 110.2875 mm): Track [Net-(U4-~{RTS})] on B.Cu, length 2.9625 mm
[clearance]: Clearance violation (rule 'Minimum Trace Spacing (outer layer)' clearance 0.1270 mm; actual 0.1000 mm)
    Rule: Minimum Trace Spacing (outer layer); error
    @(147.7750 mm, 95.0000 mm): Track [Net-(U1-PA2)] on B.Cu, length 1.4142 mm
    @(146.5250 mm, 94.1743 mm): Track [Net-(U1-PA1)] on B.Cu, length 2.6163 mm
[clearance]: Clearance violation (rule 'Minimum Trace Spacing (outer layer)' clearance 0.1270 mm; actual 0.1000 mm)
    Rule: Minimum Trace Spacing (outer layer); error
    @(157.5386 mm, 95.6000 mm): Track [Net-(J10-D+-PadA6)] on F.Cu, length 0.6556 mm
    @(156.7750 mm, 99.9243 mm): Track [Net-(J10-CC2)] on F.Cu, length 4.2743 mm
[hole_clearance]: Hole clearance violation (rule 'PTH to Track clearance)' clearance 0.3300 mm; actual 0.3000 mm)
    Rule: PTH to Track clearance); error
    @(151.7750 mm, 100.2500 mm): Track [VDD] on F.Cu, length 4.4450 mm
    @(155.2750 mm, 100.7500 mm): Via [GND] on F.Cu - B.Cu
[clearance]: Clearance violation (rule 'Minimum Trace Spacing (outer layer)' clearance 0.1270 mm; actual 0.1230 mm)
    Rule: Minimum Trace Spacing (outer layer); error
    @(154.4691 mm, 111.0000 mm): Track [GND] on F.Cu, length 1.3347 mm
    @(155.0348 mm, 111.0000 mm): Track [VDD] on F.Cu, length 0.1089 mm
[clearance]: Clearance violation (rule 'Pad to Track clearance)' clearance 0.2000 mm; actual 0.1000 mm)
    Rule: Pad to Track clearance); error
    @(160.2750 mm, 111.5657 mm): Track [Net-(U4-~{DSR})] on B.Cu, length 0.9678 mm
    @(160.7750 mm, 111.5000 mm): Via [Net-(U4-~{DTR})] on F.Cu - B.Cu
[hole_clearance]: Hole clearance violation (rule 'PTH to Track clearance)' clearance 0.3300 mm; actual 0.3000 mm)
    Rule: PTH to Track clearance); error
    @(138.5250 mm, 94.5000 mm): Track [/csc] on F.Cu, length 1.0000 mm
    @(138.0250 mm, 94.7500 mm): Via [/gck] on F.Cu - B.Cu
[hole_clearance]: Hole clearance violation (rule 'PTH to Track clearance)' clearance 0.3300 mm; actual 0.2500 mm)
    Rule: PTH to Track clearance); error
    @(155.2350 mm, 93.2808 mm): Track [GND] on F.Cu, length 0.5385 mm
    @(155.8850 mm, 93.5500 mm): PTH pad [<no net>] of J10
[hole_clearance]: Hole clearance violation (rule 'PTH to Track clearance)' clearance 0.3300 mm; actual 0.3000 mm)
    Rule: PTH to Track clearance); error
    @(157.7750 mm, 105.7500 mm): Track [/txd] on B.Cu, length 1.0000 mm
    @(157.2750 mm, 106.2500 mm): Via [Net-(U4-~{RTS})] on F.Cu - B.Cu
[clearance]: Clearance violation (rule 'Pad to Track clearance)' clearance 0.2000 mm; actual 0.1791 mm)
    Rule: Pad to Track clearance); error
    @(137.9375 mm, 93.2500 mm): Track [Net-(U2-CLK2)] on F.Cu, length 0.9723 mm
    @(136.7750 mm, 92.5000 mm): Via [/gck] on F.Cu - B.Cu
[clearance]: Clearance violation (rule 'Pad to Track clearance)' clearance 0.2000 mm; actual 0.1871 mm)
    Rule: Pad to Track clearance); error
    @(156.2750 mm, 114.5738 mm): Track [/cts] on B.Cu, length 1.1762 mm
    @(155.8750 mm, 114.2958 mm): Via [Net-(U4-~{RTS})] on F.Cu - B.Cu
[hole_clearance]: Hole clearance violation (rule 'PTH to Track clearance)' clearance 0.3300 mm; actual 0.3000 mm)
    Rule: PTH to Track clearance); error
    @(160.2750 mm, 110.5000 mm): Track [Net-(U4-~{DSR})] on B.Cu, length 1.0657 mm
    @(160.7750 mm, 111.5000 mm): Via [Net-(U4-~{DTR})] on F.Cu - B.Cu
[clearance]: Clearance violation (rule 'Pad to Track clearance)' clearance 0.2000 mm; actual 0.1000 mm)
    Rule: Pad to Track clearance); error
    @(137.7422 mm, 101.7828 mm): Track [/dbg] on B.Cu, length 5.2569 mm
    @(140.5250 mm, 104.0000 mm): Via [Net-(U1-PA4)] on F.Cu - B.Cu
[clearance]: Clearance violation (rule 'Pad to Track clearance)' clearance 0.2000 mm; actual 0.1672 mm)
    Rule: Pad to Track clearance); error
    @(156.2750 mm, 109.0000 mm): Track [Net-(U4-UD+)] on F.Cu, length 1.0657 mm
    @(156.7422 mm, 109.4672 mm): Via [GND] on F.Cu - B.Cu
[hole_clearance]: Hole clearance violation (rule 'PTH to Track clearance)' clearance 0.3300 mm; actual 0.3257 mm)
    Rule: PTH to Track clearance); error
    @(144.2750 mm, 107.6625 mm): Track [/sgw] on F.Cu, length 1.7678 mm
    @(144.7750 mm, 107.5000 mm): Via [GND] on F.Cu - B.Cu
[clearance]: Clearance violation (rule 'Pad to Track clearance)' clearance 0.2000 mm; actual 0.1000 mm)
    Rule: Pad to Track clearance); error
    @(158.4003 mm, 112.4250 mm): Track [Net-(U4-~{CTS})] on F.Cu, length 0.4946 mm
    @(158.8400 mm, 112.5510 mm): Via [Net-(JP3-A)] on F.Cu - B.Cu
[clearance]: Clearance violation (rule 'Pad to Track clearance)' clearance 0.2000 mm; actual 0.1871 mm)
    Rule: Pad to Track clearance); error
    @(156.8875 mm, 113.9613 mm): Track [/cts] on B.Cu, length 0.8662 mm
    @(155.8750 mm, 114.2958 mm): Via [Net-(U4-~{RTS})] on F.Cu - B.Cu
[clearance]: Clearance violation (rule 'Pad to Track clearance)' clearance 0.2000 mm; actual 0.1000 mm)
    Rule: Pad to Track clearance); error
    @(153.5509 mm, 113.2500 mm): Track [GND] on F.Cu, length 0.2241 mm
    @(153.8362 mm, 112.8547 mm): Via [Net-(U4-~{CTS})] on F.Cu - B.Cu
[clearance]: Clearance violation (rule 'Pad to Track clearance)' clearance 0.2000 mm; actual 0.1574 mm)
    Rule: Pad to Track clearance); error
    @(157.1000 mm, 112.4250 mm): Track [Net-(U4-~{CTS})] on F.Cu, length 1.3003 mm
    @(158.8400 mm, 112.5510 mm): Via [Net-(JP3-A)] on F.Cu - B.Cu
[clearance]: Clearance violation (rule 'Pad to Track clearance)' clearance 0.2000 mm; actual 0.1000 mm)
    Rule: Pad to Track clearance); error
    @(157.3407 mm, 109.0000 mm): Track [Net-(U4-UD+)] on F.Cu, length 0.7359 mm
    @(157.2750 mm, 109.5000 mm): Via [Net-(U4-~{RTS})] on F.Cu - B.Cu
[clearance]: Clearance violation (rule 'Minimum Trace Spacing (outer layer)' clearance 0.1270 mm; actual 0.1000 mm)
    Rule: Minimum Trace Spacing (outer layer); error
    @(157.0750 mm, 99.8000 mm): Track [Net-(J10-D+-PadA6)] on F.Cu, length 0.8485 mm
    @(157.6007 mm, 100.7500 mm): Track [Net-(J10-CC2)] on F.Cu, length 1.1678 mm
[hole_clearance]: Hole clearance violation (rule 'PTH to Track clearance)' clearance 0.3300 mm; actual 0.3000 mm)
    Rule: PTH to Track clearance); error
    @(144.3409 mm, 102.0000 mm): Track [/dbg] on F.Cu, length 2.6841 mm
    @(146.7750 mm, 101.5000 mm): Via [Net-(U1-PB1)] on F.Cu - B.Cu
[clearance]: Clearance violation (rule 'Pad to Track clearance)' clearance 0.2000 mm; actual 0.1419 mm)
    Rule: Pad to Track clearance); error
    @(142.1500 mm, 99.7500 mm): Track [Net-(U2-XB)] on F.Cu, length 1.4142 mm
    @(141.0250 mm, 99.2500 mm): Via [GND] on F.Cu - B.Cu
[clearance]: Clearance violation (rule 'Pad to Track clearance)' clearance 0.2000 mm; actual 0.1000 mm)
    Rule: Pad to Track clearance); error
    @(143.7750 mm, 97.4600 mm): Via [Net-(U1-PA4)] on F.Cu - B.Cu
    @(143.2150 mm, 97.0600 mm): Track [GND] on B.Cu, length 0.7257 mm
[clearance]: Clearance violation (rule 'Pad to Track clearance)' clearance 0.2000 mm; actual 0.1839 mm)
    Rule: Pad to Track clearance); error
    @(156.2750 mm, 106.2500 mm): Via [GND] on F.Cu - B.Cu
    @(155.7250 mm, 106.3843 mm): Track [/dbg] on F.Cu, length 0.8707 mm
[hole_clearance]: Hole clearance violation (rule 'PTH to Track clearance)' clearance 0.3300 mm; actual 0.3036 mm)
    Rule: PTH to Track clearance); error
    @(155.6158 mm, 92.9000 mm): Track [GND] on F.Cu, length 1.6416 mm
    @(155.8850 mm, 93.5500 mm): PTH pad [<no net>] of J10
[clearance]: Clearance violation (rule 'Minimum Trace Spacing (outer layer)' clearance 0.1270 mm; actual 0.1000 mm)
    Rule: Minimum Trace Spacing (outer layer); error
    @(157.0750 mm, 96.0636 mm): Track [Net-(J10-D+-PadA6)] on F.Cu, length 3.7364 mm
    @(157.6007 mm, 100.7500 mm): Track [Net-(J10-CC2)] on F.Cu, length 1.1678 mm
[clearance]: Clearance violation (rule 'Pad to Track clearance)' clearance 0.2000 mm; actual 0.1841 mm)
    Rule: Pad to Track clearance); error
    @(158.7500 mm, 112.0753 mm): Track [Net-(U4-~{CTS})] on F.Cu, length 1.8803 mm
    @(158.8400 mm, 112.5510 mm): Via [Net-(JP3-A)] on F.Cu - B.Cu
[clearance]: Clearance violation (rule 'Pad to Track clearance)' clearance 0.2000 mm; actual 0.1708 mm)
    Rule: Pad to Track clearance); error
    @(147.9750 mm, 96.7500 mm): Via [GND] on F.Cu - B.Cu
    @(145.5250 mm, 94.9659 mm): Track [Net-(U1-PA3)] on F.Cu, length 3.5272 mm
[clearance]: Clearance violation (rule 'Pad to Track clearance)' clearance 0.2000 mm; actual 0.1500 mm)
    Rule: Pad to Track clearance); error
    @(155.7250 mm, 104.7000 mm): Track [/dbg] on F.Cu, length 1.6843 mm
    @(155.2750 mm, 105.1150 mm): Via [VDD] on F.Cu - B.Cu
[clearance]: Clearance violation (rule 'Pad to Track clearance)' clearance 0.2000 mm; actual 0.1737 mm)
    Rule: Pad to Track clearance); error
    @(155.4991 mm, 113.2500 mm): Track [VDD] on F.Cu, length 1.0972 mm
    @(155.8750 mm, 114.2958 mm): Via [Net-(U4-~{RTS})] on F.Cu - B.Cu
[clearance]: Clearance violation (rule 'Pad to Track clearance)' clearance 0.2000 mm; actual 0.1000 mm)
    Rule: Pad to Track clearance); error
    @(147.9750 mm, 96.7500 mm): Via [GND] on F.Cu - B.Cu
    @(148.3750 mm, 96.0243 mm): Track [Net-(U1-PA1)] on B.Cu, length 3.5757 mm
[hole_clearance]: Hole clearance violation (rule 'PTH to Track clearance)' clearance 0.3300 mm; actual 0.3000 mm)
    Rule: PTH to Track clearance); error
    @(154.7750 mm, 99.0000 mm): Track [Net-(U7-CE)] on F.Cu, length 0.4750 mm
    @(154.2750 mm, 98.7500 mm): Via [GND] on F.Cu - B.Cu
[clearance]: Clearance violation (rule 'Minimum Trace Spacing (outer layer)' clearance 0.1270 mm; actual 0.1000 mm)
    Rule: Minimum Trace Spacing (outer layer); error
    @(154.8700 mm, 103.8450 mm): Track [/dbg] on F.Cu, length 1.2092 mm
    @(156.0250 mm, 101.5000 mm): Track [GND] on F.Cu, length 4.5000 mm
[clearance]: Clearance violation (rule 'Pad to Track clearance)' clearance 0.2000 mm; actual 0.1000 mm)
    Rule: Pad to Track clearance); error
    @(156.7422 mm, 109.4672 mm): Via [GND] on F.Cu - B.Cu
    @(157.2750 mm, 109.5000 mm): Track [Net-(U4-~{RTS})] on B.Cu, length 1.1137 mm
[hole_clearance]: Hole clearance violation (rule 'NPTH to Track clearance)' clearance 0.2540 mm; actual 0.1500 mm)
    Rule: NPTH to Track clearance); error
    @(151.5250 mm, 97.6341 mm): Track [VDD] on F.Cu, length 2.3659 mm
    @(152.0250 mm, 99.0000 mm): NPTH pad of REF**
[clearance]: Clearance violation (rule 'Pad to Track clearance)' clearance 0.2000 mm; actual 0.1825 mm)
    Rule: Pad to Track clearance); error
    @(156.9541 mm, 114.7050 mm): Track [VDD] on F.Cu, length 0.9604 mm
    @(155.8750 mm, 114.2958 mm): Via [Net-(U4-~{RTS})] on F.Cu - B.Cu
[clearance]: Clearance violation (rule 'Minimum Trace Spacing (outer layer)' clearance 0.1270 mm; actual 0.1230 mm)
    Rule: Minimum Trace Spacing (outer layer); error
    @(153.0250 mm, 111.0000 mm): Track [GND] on F.Cu, length 1.4441 mm
    @(154.9259 mm, 111.0000 mm): Track [VDD] on F.Cu, length 0.9205 mm
[hole_clearance]: Hole clearance violation (rule 'PTH to Track clearance)' clearance 0.3300 mm; actual 0.3086 mm)
    Rule: PTH to Track clearance); error
    @(147.5250 mm, 98.0307 mm): Track [Net-(U1-PB0)] on B.Cu, length 1.0824 mm
    @(146.7750 mm, 98.0000 mm): Via [Net-(U1-PB1)] on F.Cu - B.Cu
[hole_clearance]: Hole clearance violation (rule 'PTH to Track clearance)' clearance 0.3300 mm; actual 0.3000 mm)
    Rule: PTH to Track clearance); error
    @(147.5250 mm, 101.2900 mm): Track [Net-(U1-PB0)] on B.Cu, length 3.2593 mm
    @(148.0250 mm, 100.2500 mm): Via [GND] on F.Cu - B.Cu
[hole_clearance]: Hole clearance violation (rule 'NPTH to Track clearance)' clearance 0.2540 mm; actual 0.1686 mm)
    Rule: NPTH to Track clearance); error
    @(150.8875 mm, 94.5000 mm): Track [VDD] on F.Cu, length 0.9016 mm
    @(152.0250 mm, 95.0000 mm): NPTH pad of REF**
[clearance]: Clearance violation (rule 'Pad to Track clearance)' clearance 0.2000 mm; actual 0.1820 mm)
    Rule: Pad to Track clearance); error
    @(155.0000 mm, 113.2500 mm): Track [VDD] on F.Cu, length 0.4991 mm
    @(155.7750 mm, 112.8547 mm): Via [Net-(U4-~{CTS})] on F.Cu - B.Cu
[hole_clearance]: Hole clearance violation (rule 'PTH to Track clearance)' clearance 0.3300 mm; actual 0.3257 mm)
    Rule: PTH to Track clearance); error
    @(163.4375 mm, 104.0000 mm): Track [Net-(J10-CC2)] on F.Cu, length 1.1844 mm
    @(163.2750 mm, 104.5000 mm): Via [Net-(R13-Pad1)] on F.Cu - B.Cu
[clearance]: Clearance violation (rule 'Minimum Trace Spacing (outer layer)' clearance 0.1270 mm; actual 0.1250 mm)
    Rule: Minimum Trace Spacing (outer layer); error
    @(144.1000 mm, 104.9875 mm): Track [/dbg] on F.Cu, length 2.7466 mm
    @(143.7750 mm, 103.8375 mm): Track [Net-(U1-PA7)] on F.Cu, length 2.0425 mm
[hole_clearance]: Hole clearance violation (rule 'PTH to Track clearance)' clearance 0.3300 mm; actual 0.2500 mm)
    Rule: PTH to Track clearance); error
    @(161.9342 mm, 92.9000 mm): Track [GND] on F.Cu, length 0.5385 mm
    @(161.6650 mm, 93.5500 mm): PTH pad [<no net>] of J10
[clearance]: Clearance violation (rule 'Pad to Track clearance)' clearance 0.2000 mm; actual 0.1000 mm)
    Rule: Pad to Track clearance); error
    @(145.5250 mm, 91.7500 mm): Via [GND] on F.Cu - B.Cu
    @(145.5907 mm, 91.2500 mm): Track [Net-(U1-PA1)] on B.Cu, length 1.3213 mm
[clearance]: Clearance violation (rule 'Pad to Track clearance)' clearance 0.2000 mm; actual 0.1000 mm)
    Rule: Pad to Track clearance); error
    @(146.7750 mm, 100.0000 mm): Via [/sco] on F.Cu - B.Cu
    @(147.1750 mm, 98.4000 mm): Track [Net-(U1-PB1)] on B.Cu, length 2.7000 mm
[clearance]: Clearance violation (rule 'Pad to Track clearance)' clearance 0.2000 mm; actual 0.1500 mm)
    Rule: Pad to Track clearance); error
    @(155.7250 mm, 102.8950 mm): Track [/dbg] on F.Cu, length 0.4357 mm
    @(155.2750 mm, 102.5750 mm): Via [/txd] on F.Cu - B.Cu
[hole_clearance]: Hole clearance violation (rule 'PTH to Track clearance)' clearance 0.3300 mm; actual 0.2500 mm)
    Rule: PTH to Track clearance); error
    @(155.2350 mm, 94.2900 mm): Track [GND] on F.Cu, length 1.0092 mm
    @(155.8850 mm, 93.5500 mm): PTH pad [<no net>] of J10
[hole_clearance]: Hole clearance violation (rule 'PTH to Track clearance)' clearance 0.3300 mm; actual 0.3000 mm)
    Rule: PTH to Track clearance); error
    @(157.2750 mm, 104.3450 mm): Track [Net-(U4-~{RTS})] on F.Cu, length 1.9050 mm
    @(156.7750 mm, 105.7500 mm): Via [/txd] on F.Cu - B.Cu
[clearance]: Clearance violation (rule 'Minimum Trace Spacing (outer layer)' clearance 0.1270 mm; actual 0.1000 mm)
    Rule: Minimum Trace Spacing (outer layer); error
    @(156.7750 mm, 99.9243 mm): Track [Net-(J10-CC2)] on F.Cu, length 4.2743 mm
    @(157.0750 mm, 99.8000 mm): Track [Net-(J10-D+-PadA6)] on F.Cu, length 0.8485 mm
[hole_clearance]: Hole clearance violation (rule 'PTH to Track clearance)' clearance 0.3300 mm; actual 0.3000 mm)
    Rule: PTH to Track clearance); error
    @(162.7750 mm, 100.5000 mm): Track [Net-(R14-Pad1)] on F.Cu, length 1.5000 mm
    @(163.2750 mm, 101.5000 mm): Via [Net-(R13-Pad1)] on F.Cu - B.Cu
[hole_clearance]: Hole clearance violation (rule 'PTH to Track clearance)' clearance 0.3300 mm; actual 0.3000 mm)
    Rule: PTH to Track clearance); error
    @(145.5250 mm, 91.7500 mm): Track [GND] on B.Cu, length 4.7750 mm
    @(144.7750 mm, 91.2500 mm): Via [Net-(U1-PA1)] on F.Cu - B.Cu
[clearance]: Clearance violation (rule 'Pad to Track clearance)' clearance 0.2000 mm; actual 0.1000 mm)
    Rule: Pad to Track clearance); error
    @(153.7750 mm, 113.2500 mm): Track [GND] on F.Cu, length 0.7071 mm
    @(153.8362 mm, 112.8547 mm): Via [Net-(U4-~{CTS})] on F.Cu - B.Cu
[clearance]: Clearance violation (rule 'Pad to Track clearance)' clearance 0.2000 mm; actual 0.1813 mm)
    Rule: Pad to Track clearance); error
    @(153.8362 mm, 112.8547 mm): Via [Net-(U4-~{CTS})] on F.Cu - B.Cu
    @(152.8250 mm, 112.5241 mm): Track [GND] on F.Cu, length 1.0265 mm
[clearance]: Clearance violation (rule 'Pad to Track clearance)' clearance 0.2000 mm; actual 0.1000 mm)
    Rule: Pad to Track clearance); error
    @(146.7750 mm, 101.8100 mm): Track [Net-(U1-PB1)] on B.Cu, length 2.8284 mm
    @(147.4622 mm, 103.0628 mm): Via [/txd] on F.Cu - B.Cu
[clearance]: Clearance violation (rule 'Pad to Track clearance)' clearance 0.2000 mm; actual 0.1000 mm)
    Rule: Pad to Track clearance); error
    @(156.0250 mm, 107.2500 mm): Via [Net-(U4-UD+)] on F.Cu - B.Cu
    @(155.7250 mm, 106.3843 mm): Track [/dbg] on F.Cu, length 0.8707 mm
[hole_clearance]: Hole clearance violation (rule 'PTH to Track clearance)' clearance 0.3300 mm; actual 0.3001 mm)
    Rule: PTH to Track clearance); error
    @(161.9250 mm, 92.9000 mm): Track [GND] on F.Cu, length 0.0092 mm
    @(161.6650 mm, 93.5500 mm): PTH pad [<no net>] of J10
[clearance]: Clearance violation (rule 'Pad to Track clearance)' clearance 0.2000 mm; actual 0.1000 mm)
    Rule: Pad to Track clearance); error
    @(155.7250 mm, 102.4593 mm): Track [/dbg] on F.Cu, length 0.6496 mm
    @(155.2750 mm, 102.5750 mm): Via [/txd] on F.Cu - B.Cu
[hole_clearance]: Hole clearance violation (rule 'PTH to Track clearance)' clearance 0.3300 mm; actual 0.3000 mm)
    Rule: PTH to Track clearance); error
    @(156.2750 mm, 109.0000 mm): Track [Net-(U4-UD+)] on F.Cu, length 1.0657 mm
    @(157.2750 mm, 109.5000 mm): Via [Net-(U4-~{RTS})] on F.Cu - B.Cu
[hole_clearance]: Hole clearance violation (rule 'PTH to Track clearance)' clearance 0.3300 mm; actual 0.3043 mm)
    Rule: PTH to Track clearance); error
    @(156.7750 mm, 109.4343 mm): Track [GND] on B.Cu, length 0.0464 mm
    @(157.2750 mm, 109.5000 mm): Via [Net-(U4-~{RTS})] on F.Cu - B.Cu
[clearance]: Clearance violation (rule 'Pad to Track clearance)' clearance 0.2000 mm; actual 0.1000 mm)
    Rule: Pad to Track clearance); error
    @(148.0600 mm, 98.0000 mm): Track [VDD] on F.Cu, length 2.5597 mm
    @(146.7597 mm, 97.2653 mm): Via [Net-(U1-PB0)] on F.Cu - B.Cu
[clearance]: Clearance violation (rule 'Pad to Track clearance)' clearance 0.2000 mm; actual 0.1820 mm)
    Rule: Pad to Track clearance); error
    @(155.7750 mm, 112.8547 mm): Via [Net-(U4-~{CTS})] on F.Cu - B.Cu
    @(155.4991 mm, 113.2500 mm): Track [VDD] on F.Cu, length 1.0972 mm
[hole_clearance]: Hole clearance violation (rule 'PTH to Track clearance)' clearance 0.3300 mm; actual 0.3000 mm)
    Rule: PTH to Track clearance); error
    @(161.2750 mm, 104.0000 mm): Track [Net-(J10-CC2)] on F.Cu, length 2.1625 mm
    @(163.2750 mm, 104.5000 mm): Via [Net-(R13-Pad1)] on F.Cu - B.Cu
[hole_clearance]: Hole clearance violation (rule 'PTH to Track clearance)' clearance 0.3300 mm; actual 0.3000 mm)
    Rule: PTH to Track clearance); error
    @(156.7750 mm, 109.5000 mm): Track [GND] on F.Cu, length 0.7867 mm
    @(157.2750 mm, 109.5000 mm): Via [Net-(U4-~{RTS})] on F.Cu - B.Cu
[hole_clearance]: Hole clearance violation (rule 'PTH to Track clearance)' clearance 0.3300 mm; actual 0.3257 mm)
    Rule: PTH to Track clearance); error
    @(144.2750 mm, 109.5000 mm): Track [/sgw] on F.Cu, length 1.8375 mm
    @(144.7750 mm, 107.5000 mm): Via [GND] on F.Cu - B.Cu
[hole_clearance]: Hole clearance violation (rule 'PTH to Track clearance)' clearance 0.3300 mm; actual 0.3000 mm)
    Rule: PTH to Track clearance); error
    @(162.7750 mm, 102.0000 mm): Track [Net-(R14-Pad1)] on B.Cu, length 2.5000 mm
    @(163.2750 mm, 104.5000 mm): Via [Net-(R13-Pad1)] on F.Cu - B.Cu
[clearance]: Clearance violation (rule 'Minimum Trace Spacing (outer layer)' clearance 0.1270 mm; actual 0.1250 mm)
    Rule: Minimum Trace Spacing (outer layer); error
    @(144.1000 mm, 102.2409 mm): Track [/dbg] on F.Cu, length 0.3406 mm
    @(143.7750 mm, 103.8375 mm): Track [Net-(U1-PA7)] on F.Cu, length 2.0425 mm
[hole_clearance]: Hole clearance violation (rule 'PTH to Track clearance)' clearance 0.3300 mm; actual 0.3043 mm)
    Rule: PTH to Track clearance); error
    @(156.7750 mm, 106.7500 mm): Track [GND] on B.Cu, length 2.6843 mm
    @(157.2750 mm, 109.5000 mm): Via [Net-(U4-~{RTS})] on F.Cu - B.Cu
[hole_clearance]: Hole clearance violation (rule 'PTH to Track clearance)' clearance 0.3300 mm; actual 0.3000 mm)
    Rule: PTH to Track clearance); error
    @(163.2750 mm, 101.5000 mm): Track [Net-(R13-Pad1)] on B.Cu, length 3.0000 mm
    @(162.7750 mm, 102.0000 mm): Via [Net-(R14-Pad1)] on F.Cu - B.Cu
[clearance]: Clearance violation (rule 'Pad to Track clearance)' clearance 0.2000 mm; actual 0.1000 mm)
    Rule: Pad to Track clearance); error
    @(143.9407 mm, 97.0600 mm): Track [GND] on B.Cu, length 0.4728 mm
    @(143.7750 mm, 97.4600 mm): Via [Net-(U1-PA4)] on F.Cu - B.Cu
[hole_clearance]: Hole clearance violation (rule 'PTH to Track clearance)' clearance 0.3300 mm; actual 0.3000 mm)
    Rule: PTH to Track clearance); error
    @(144.2750 mm, 97.3943 mm): Track [GND] on B.Cu, length 2.3557 mm
    @(143.7750 mm, 98.7500 mm): Via [Net-(U1-PA5)] on F.Cu - B.Cu
[hole_clearance]: Hole clearance violation (rule 'PTH to Track clearance)' clearance 0.3300 mm; actual 0.3000 mm)
    Rule: PTH to Track clearance); error
    @(144.2750 mm, 97.3943 mm): Track [GND] on B.Cu, length 2.3557 mm
    @(143.7750 mm, 97.4600 mm): Via [Net-(U1-PA4)] on F.Cu - B.Cu
[hole_clearance]: Hole clearance violation (rule 'NPTH to Track clearance)' clearance 0.2540 mm; actual 0.1686 mm)
    Rule: NPTH to Track clearance); error
    @(151.5250 mm, 95.1375 mm): Track [VDD] on F.Cu, length 2.4966 mm
    @(152.0250 mm, 95.0000 mm): NPTH pad of REF**
[hole_clearance]: Hole clearance violation (rule 'PTH to Track clearance)' clearance 0.3300 mm; actual 0.3043 mm)
    Rule: PTH to Track clearance); error
    @(156.7750 mm, 109.4343 mm): Track [GND] on F.Cu, length 0.0464 mm
    @(157.2750 mm, 109.5000 mm): Via [Net-(U4-~{RTS})] on F.Cu - B.Cu
[hole_clearance]: Hole clearance violation (rule 'PTH to Track clearance)' clearance 0.3300 mm; actual 0.2500 mm)
    Rule: PTH to Track clearance); error
    @(155.6158 mm, 92.9000 mm): Track [GND] on F.Cu, length 6.3092 mm
    @(161.6650 mm, 93.5500 mm): PTH pad [<no net>] of J10
[clearance]: Clearance violation (rule 'Pad to Track clearance)' clearance 0.2000 mm; actual 0.1874 mm)
    Rule: Pad to Track clearance); error
    @(146.2500 mm, 102.5400 mm): Track [/d02] on F.Cu, length 5.6922 mm
    @(147.4622 mm, 103.0628 mm): Via [/txd] on F.Cu - B.Cu
[hole_clearance]: Hole clearance violation (rule 'PTH to Track clearance)' clearance 0.3300 mm; actual 0.2500 mm)
    Rule: PTH to Track clearance); error
    @(162.3150 mm, 93.2808 mm): Track [GND] on F.Cu, length 1.0092 mm
    @(161.6650 mm, 93.5500 mm): PTH pad [<no net>] of J10
[clearance]: Clearance violation (rule 'Minimum Trace Spacing (outer layer)' clearance 0.1270 mm; actual 0.1000 mm)
    Rule: Minimum Trace Spacing (outer layer); error
    @(154.7750 mm, 103.8450 mm): Track [/dbg] on F.Cu, length 1.3435 mm
    @(156.0250 mm, 101.5000 mm): Track [GND] on F.Cu, length 4.5000 mm
[clearance]: Clearance violation (rule 'Pad to Track clearance)' clearance 0.2000 mm; actual 0.1000 mm)
    Rule: Pad to Track clearance); error
    @(155.2799 mm, 110.7549 mm): Via [VDD] on F.Cu - B.Cu
    @(154.4691 mm, 111.0000 mm): Track [GND] on F.Cu, length 1.3347 mm
[clearance]: Clearance violation (rule 'Minimum Trace Spacing (outer layer)' clearance 0.1270 mm; actual 0.1000 mm)
    Rule: Minimum Trace Spacing (outer layer); error
    @(158.5250 mm, 94.0100 mm): Track [Net-(J10-D--PadA7)] on F.Cu, length 0.2121 mm
    @(156.9650 mm, 93.5600 mm): Track [VBUS] on F.Cu, length 3.6200 mm
[hole_clearance]: Hole clearance violation (rule 'PTH to Track clearance)' clearance 0.3300 mm; actual 0.3000 mm)
    Rule: PTH to Track clearance); error
    @(160.7750 mm, 110.5000 mm): Track [Net-(U4-~{DTR})] on B.Cu, length 4.3350 mm
    @(160.2750 mm, 109.0000 mm): Via [Net-(U4-~{DSR})] on F.Cu - B.Cu
[hole_clearance]: Hole clearance violation (rule 'PTH to Track clearance)' clearance 0.3300 mm; actual 0.3000 mm)
    Rule: PTH to Track clearance); error
    @(162.7750 mm, 104.5000 mm): Track [Net-(R14-Pad1)] on B.Cu, length 5.0000 mm
    @(163.2750 mm, 104.5000 mm): Via [Net-(R13-Pad1)] on F.Cu - B.Cu
[clearance]: Clearance violation (rule 'Minimum Trace Spacing (outer layer)' clearance 0.1270 mm; actual 0.1000 mm)
    Rule: Minimum Trace Spacing (outer layer); error
    @(158.6750 mm, 93.8600 mm): Track [Net-(J10-D--PadA7)] on F.Cu, length 0.7000 mm
    @(156.9650 mm, 93.5600 mm): Track [VBUS] on F.Cu, length 3.6200 mm
[hole_clearance]: Hole clearance violation (rule 'PTH to Track clearance)' clearance 0.3300 mm; actual 0.3127 mm)
    Rule: PTH to Track clearance); error
    @(154.7750 mm, 98.5250 mm): Track [Net-(U7-CE)] on F.Cu, length 1.0253 mm
    @(154.2750 mm, 98.7500 mm): Via [GND] on F.Cu - B.Cu
[clearance]: Clearance violation (rule 'Pad to Track clearance)' clearance 0.2000 mm; actual 0.1500 mm)
    Rule: Pad to Track clearance); error
    @(157.5250 mm, 96.2500 mm): Via [Net-(U7-CE)] on F.Cu - B.Cu
    @(157.0750 mm, 96.0636 mm): Track [Net-(J10-D+-PadA6)] on F.Cu, length 3.7364 mm
[copper_edge_clearance]: Board edge clearance violation (rule 'Trace to Outline' clearance 0.3000 mm; actual 0.2250 mm)
    Rule: Trace to Outline; error
    @(165.2750 mm, 88.7500 mm): Segment on Edge.Cuts
    @(164.2750 mm, 101.3375 mm): Track [GND] on F.Cu, length 0.9546 mm
[copper_edge_clearance]: Board edge clearance violation (rule 'Trace to Outline' clearance 0.3000 mm; actual 0.2250 mm)
    Rule: Trace to Outline; error
    @(165.2750 mm, 88.7500 mm): Segment on Edge.Cuts
    @(164.9500 mm, 107.7125 mm): Track [GND] on F.Cu, length 0.9546 mm
[copper_edge_clearance]: Board edge clearance violation (rule 'Trace to Outline' clearance 0.3000 mm; actual 0.1500 mm)
    Rule: Trace to Outline; error
    @(165.2750 mm, 88.7500 mm): Segment on Edge.Cuts
    @(164.1375 mm, 96.2500 mm): Track [GND] on F.Cu, length 1.2551 mm
[copper_edge_clearance]: Board edge clearance violation (rule 'Trace to Outline' clearance 0.3000 mm; actual 0.2250 mm)
    Rule: Trace to Outline; error
    @(165.2750 mm, 88.7500 mm): Segment on Edge.Cuts
    @(164.9500 mm, 114.5741 mm): Track [GND] on F.Cu, length 0.6023 mm
[copper_edge_clearance]: Board edge clearance violation (rule 'Trace to Outline' clearance 0.3000 mm; actual 0.2250 mm)
    Rule: Trace to Outline; error
    @(165.2750 mm, 88.7500 mm): Segment on Edge.Cuts
    @(164.9500 mm, 104.2125 mm): Track [GND] on F.Cu, length 0.9546 mm
[copper_edge_clearance]: Board edge clearance violation (rule 'Trace to Outline' clearance 0.3000 mm; actual 0.2250 mm)
    Rule: Trace to Outline; error
    @(165.2750 mm, 88.7500 mm): Segment on Edge.Cuts
    @(164.9500 mm, 109.0625 mm): Track [GND] on F.Cu, length 5.5116 mm
[copper_edge_clearance]: Board edge clearance violation (rule 'Trace to Outline' clearance 0.3000 mm; actual 0.2250 mm)
    Rule: Trace to Outline; error
    @(165.2750 mm, 88.7500 mm): Segment on Edge.Cuts
    @(164.9500 mm, 105.5625 mm): Track [GND] on F.Cu, length 2.1500 mm
[copper_edge_clearance]: Board edge clearance violation (rule 'Trace to Outline' clearance 0.3000 mm; actual 0.2250 mm)
    Rule: Trace to Outline; error
    @(165.2750 mm, 88.7500 mm): Segment on Edge.Cuts
    @(164.2750 mm, 104.8875 mm): Track [GND] on F.Cu, length 0.9546 mm
[copper_edge_clearance]: Board edge clearance violation (rule 'Trace to Outline' clearance 0.3000 mm; actual 0.1500 mm)
    Rule: Trace to Outline; error
    @(165.2750 mm, 88.7500 mm): Segment on Edge.Cuts
    @(165.0250 mm, 98.5500 mm): Track [GND] on F.Cu, length 0.2828 mm
[copper_edge_clearance]: Board edge clearance violation (rule 'Trace to Outline' clearance 0.3000 mm; actual 0.1500 mm)
    Rule: Trace to Outline; error
    @(165.2750 mm, 88.7500 mm): Segment on Edge.Cuts
    @(164.8250 mm, 98.7500 mm): Track [GND] on F.Cu, length 0.2828 mm
[copper_edge_clearance]: Board edge clearance violation (rule 'Trace to Outline' clearance 0.3000 mm; actual 0.2250 mm)
    Rule: Trace to Outline; error
    @(165.2750 mm, 88.7500 mm): Segment on Edge.Cuts
    @(164.9500 mm, 102.0125 mm): Track [GND] on F.Cu, length 2.2000 mm
[copper_edge_clearance]: Board edge clearance violation (rule 'Trace to Outline' clearance 0.3000 mm; actual 0.1500 mm)
    Rule: Trace to Outline; error
    @(165.2750 mm, 88.7500 mm): Segment on Edge.Cuts
    @(165.0250 mm, 98.9500 mm): Track [GND] on F.Cu, length 2.0500 mm
[copper_edge_clearance]: Board edge clearance violation (rule 'Trace to Outline' clearance 0.3000 mm; actual 0.1500 mm)
    Rule: Trace to Outline; error
    @(165.2750 mm, 88.7500 mm): Segment on Edge.Cuts
    @(165.0250 mm, 97.1375 mm): Track [GND] on F.Cu, length 1.4125 mm
[copper_edge_clearance]: Board edge clearance violation (rule 'Trace to Outline' clearance 0.3000 mm; actual 0.2250 mm)
    Rule: Trace to Outline; error
    @(165.2750 mm, 88.7500 mm): Segment on Edge.Cuts
    @(164.2750 mm, 108.3875 mm): Track [GND] on F.Cu, length 0.9546 mm
[copper_edge_clearance]: Board edge clearance violation (rule 'Trace to Outline' clearance 0.3000 mm; actual 0.1500 mm)
    Rule: Trace to Outline; error
    @(165.2750 mm, 88.7500 mm): Segment on Edge.Cuts
    @(164.6875 mm, 101.3375 mm): Track [GND] on F.Cu, length 0.4773 mm
[copper_edge_clearance]: Board edge clearance violation (board setup constraints edge clearance 0.1000 mm; actual 0.0000 mm)
    Rule: board setup constraints edge; error
    @(135.2750 mm, 118.2500 mm): Segment on Edge.Cuts
    @(136.0250 mm, 105.0000 mm): PCB Text 'Ashlyn Black' on B.Cu
[copper_edge_clearance]: Board edge clearance violation (board setup constraints edge clearance 0.1000 mm; actual 0.0000 mm)
    Rule: board setup constraints edge; error
    @(165.2750 mm, 88.7500 mm): Segment on Edge.Cuts
    @(164.5250 mm, 107.2500 mm): PCB Text 'Ashlyn Black' on B.Cu
[silk_edge_clearance]: Silkscreen clipped by board edge
    Rule: board setup constraints silk; warning
    @(135.2750 mm, 88.7500 mm): Segment on Edge.Cuts
    @(154.1950 mm, 87.1700 mm): Segment on F.Silkscreen
[silk_edge_clearance]: Silkscreen clipped by board edge
    Rule: board setup constraints silk; warning
    @(135.2750 mm, 88.7500 mm): Segment on Edge.Cuts
    @(163.3450 mm, 88.7800 mm): Segment on F.Silkscreen
[hole_near_hole]: Drilled holes too close together (rule 'hole to hole clearance (different nets)' min 0.4995 mm; actual 0.3339 mm)
    Rule: hole to hole clearance (different nets); error
    @(156.7422 mm, 109.4672 mm): Via [GND] on F.Cu - B.Cu
    @(157.2750 mm, 109.5000 mm): Via [Net-(U4-~{RTS})] on F.Cu - B.Cu
[via_diameter]: Via diameter (rule 'Minimum Via Diameter' min diameter 0.4500 mm; actual 0.4000 mm)
    Rule: Minimum Via Diameter; error
    @(156.0250 mm, 108.7500 mm): Via [Net-(U4-UD+)] on F.Cu - B.Cu
[via_diameter]: Via diameter (rule 'Minimum Via Diameter' min diameter 0.4500 mm; actual 0.4000 mm)
    Rule: Minimum Via Diameter; error
    @(156.0250 mm, 107.2500 mm): Via [Net-(U4-UD+)] on F.Cu - B.Cu
[via_diameter]: Via diameter (rule 'Minimum Via Diameter' min diameter 0.4500 mm; actual 0.4000 mm)
    Rule: Minimum Via Diameter; error
    @(156.7750 mm, 105.7500 mm): Via [/txd] on F.Cu - B.Cu
[via_diameter]: Via diameter (rule 'Minimum Via Diameter' min diameter 0.4500 mm; actual 0.4000 mm)
    Rule: Minimum Via Diameter; error
    @(146.4375 mm, 104.5000 mm): Via [/txd] on F.Cu - B.Cu
[via_diameter]: Via diameter (rule 'Minimum Via Diameter' min diameter 0.4500 mm; actual 0.4000 mm)
    Rule: Minimum Via Diameter; error
    @(147.4622 mm, 103.0628 mm): Via [/txd] on F.Cu - B.Cu
[via_diameter]: Via diameter (rule 'Minimum Via Diameter' min diameter 0.4500 mm; actual 0.4000 mm)
    Rule: Minimum Via Diameter; error
    @(155.2750 mm, 102.5750 mm): Via [/txd] on F.Cu - B.Cu
[via_diameter]: Via diameter (rule 'Minimum Via Diameter' min diameter 0.4500 mm; actual 0.4000 mm)
    Rule: Minimum Via Diameter; error
    @(156.5250 mm, 103.0000 mm): Via [/txd] on F.Cu - B.Cu
[via_diameter]: Via diameter (rule 'Minimum Via Diameter' min diameter 0.4500 mm; actual 0.4000 mm)
    Rule: Minimum Via Diameter; error
    @(158.6336 mm, 115.9781 mm): Via [/txd] on F.Cu - B.Cu
[via_diameter]: Via diameter (rule 'Minimum Via Diameter' min diameter 0.4500 mm; actual 0.4000 mm)
    Rule: Minimum Via Diameter; error
    @(160.5250 mm, 114.0000 mm): Via [/dbg] on F.Cu - B.Cu
[via_diameter]: Via diameter (rule 'Minimum Via Diameter' min diameter 0.4500 mm; actual 0.4000 mm)
    Rule: Minimum Via Diameter; error
    @(160.2750 mm, 107.5000 mm): Via [/dbg] on F.Cu - B.Cu
[via_diameter]: Via diameter (rule 'Minimum Via Diameter' min diameter 0.4500 mm; actual 0.4000 mm)
    Rule: Minimum Via Diameter; error
    @(137.7422 mm, 101.7172 mm): Via [/dbg] on F.Cu - B.Cu
[via_diameter]: Via diameter (rule 'Minimum Via Diameter' min diameter 0.4500 mm; actual 0.4000 mm)
    Rule: Minimum Via Diameter; error
    @(143.7750 mm, 105.5000 mm): Via [/dbg] on F.Cu - B.Cu
[via_diameter]: Via diameter (rule 'Minimum Via Diameter' min diameter 0.4500 mm; actual 0.4000 mm)
    Rule: Minimum Via Diameter; error
    @(143.2750 mm, 102.7500 mm): Via [/sco] on F.Cu - B.Cu
[via_diameter]: Via diameter (rule 'Minimum Via Diameter' min diameter 0.4500 mm; actual 0.4000 mm)
    Rule: Minimum Via Diameter; error
    @(146.7750 mm, 100.0000 mm): Via [/sco] on F.Cu - B.Cu
[via_diameter]: Via diameter (rule 'Minimum Via Diameter' min diameter 0.4500 mm; actual 0.4000 mm)
    Rule: Minimum Via Diameter; error
    @(138.0250 mm, 94.7500 mm): Via [/gck] on F.Cu - B.Cu
[via_diameter]: Via diameter (rule 'Minimum Via Diameter' min diameter 0.4500 mm; actual 0.4000 mm)
    Rule: Minimum Via Diameter; error
    @(136.7750 mm, 92.5000 mm): Via [/gck] on F.Cu - B.Cu
[via_diameter]: Via diameter (rule 'Minimum Via Diameter' min diameter 0.4500 mm; actual 0.4000 mm)
    Rule: Minimum Via Diameter; error
    @(157.2750 mm, 101.3050 mm): Via [VDD] on F.Cu - B.Cu
[via_diameter]: Via diameter (rule 'Minimum Via Diameter' min diameter 0.4500 mm; actual 0.4000 mm)
    Rule: Minimum Via Diameter; error
    @(155.2750 mm, 105.1150 mm): Via [VDD] on F.Cu - B.Cu
[via_diameter]: Via diameter (rule 'Minimum Via Diameter' min diameter 0.4500 mm; actual 0.4000 mm)
    Rule: Minimum Via Diameter; error
    @(155.2799 mm, 110.7549 mm): Via [VDD] on F.Cu - B.Cu
[via_diameter]: Via diameter (rule 'Minimum Via Diameter' min diameter 0.4500 mm; actual 0.4000 mm)
    Rule: Minimum Via Diameter; error
    @(160.7750 mm, 100.5000 mm): Via [Net-(J10-CC1)] on F.Cu - B.Cu
[via_diameter]: Via diameter (rule 'Minimum Via Diameter' min diameter 0.4500 mm; actual 0.4000 mm)
    Rule: Minimum Via Diameter; error
    @(160.5250 mm, 95.7500 mm): Via [Net-(J10-CC1)] on F.Cu - B.Cu
[via_diameter]: Via diameter (rule 'Minimum Via Diameter' min diameter 0.4500 mm; actual 0.4000 mm)
    Rule: Minimum Via Diameter; error
    @(146.7750 mm, 101.5000 mm): Via [Net-(U1-PB1)] on F.Cu - B.Cu
[via_diameter]: Via diameter (rule 'Minimum Via Diameter' min diameter 0.4500 mm; actual 0.4000 mm)
    Rule: Minimum Via Diameter; error
    @(146.7750 mm, 98.0000 mm): Via [Net-(U1-PB1)] on F.Cu - B.Cu
[via_diameter]: Via diameter (rule 'Minimum Via Diameter' min diameter 0.4500 mm; actual 0.4000 mm)
    Rule: Minimum Via Diameter; error
    @(148.7750 mm, 103.8100 mm): Via [Net-(U1-PB1)] on F.Cu - B.Cu
[via_diameter]: Via diameter (rule 'Minimum Via Diameter' min diameter 0.4500 mm; actual 0.4000 mm)
    Rule: Minimum Via Diameter; error
    @(146.7597 mm, 97.2653 mm): Via [Net-(U1-PB0)] on F.Cu - B.Cu
[via_diameter]: Via diameter (rule 'Minimum Via Diameter' min diameter 0.4500 mm; actual 0.4000 mm)
    Rule: Minimum Via Diameter; error
    @(148.7750 mm, 102.5400 mm): Via [Net-(U1-PB0)] on F.Cu - B.Cu
[via_diameter]: Via diameter (rule 'Minimum Via Diameter' min diameter 0.4500 mm; actual 0.4000 mm)
    Rule: Minimum Via Diameter; error
    @(163.2750 mm, 101.5000 mm): Via [Net-(R13-Pad1)] on F.Cu - B.Cu
[via_diameter]: Via diameter (rule 'Minimum Via Diameter' min diameter 0.4500 mm; actual 0.4000 mm)
    Rule: Minimum Via Diameter; error
    @(163.2750 mm, 104.5000 mm): Via [Net-(R13-Pad1)] on F.Cu - B.Cu
[via_diameter]: Via diameter (rule 'Minimum Via Diameter' min diameter 0.4500 mm; actual 0.4000 mm)
    Rule: Minimum Via Diameter; error
    @(162.7750 mm, 102.0000 mm): Via [Net-(R14-Pad1)] on F.Cu - B.Cu
[via_diameter]: Via diameter (rule 'Minimum Via Diameter' min diameter 0.4500 mm; actual 0.4000 mm)
    Rule: Minimum Via Diameter; error
    @(162.7750 mm, 109.5000 mm): Via [Net-(R14-Pad1)] on F.Cu - B.Cu
[via_diameter]: Via diameter (rule 'Minimum Via Diameter' min diameter 0.4500 mm; actual 0.4000 mm)
    Rule: Minimum Via Diameter; error
    @(148.7750 mm, 100.0000 mm): Via [Net-(U1-PA1)] on F.Cu - B.Cu
[via_diameter]: Via diameter (rule 'Minimum Via Diameter' min diameter 0.4500 mm; actual 0.4000 mm)
    Rule: Minimum Via Diameter; error
    @(144.7750 mm, 91.2500 mm): Via [Net-(U1-PA1)] on F.Cu - B.Cu
[via_diameter]: Via diameter (rule 'Minimum Via Diameter' min diameter 0.4500 mm; actual 0.4000 mm)
    Rule: Minimum Via Diameter; error
    @(147.7750 mm, 93.2500 mm): Via [Net-(U1-PA2)] on F.Cu - B.Cu
[via_diameter]: Via diameter (rule 'Minimum Via Diameter' min diameter 0.4500 mm; actual 0.4000 mm)
    Rule: Minimum Via Diameter; error
    @(148.7750 mm, 98.7300 mm): Via [Net-(U1-PA2)] on F.Cu - B.Cu
[via_diameter]: Via diameter (rule 'Minimum Via Diameter' min diameter 0.4500 mm; actual 0.4000 mm)
    Rule: Minimum Via Diameter; error
    @(140.5250 mm, 104.0000 mm): Via [Net-(U1-PA4)] on F.Cu - B.Cu
[via_diameter]: Via diameter (rule 'Minimum Via Diameter' min diameter 0.4500 mm; actual 0.4000 mm)
    Rule: Minimum Via Diameter; error
    @(143.7750 mm, 97.4600 mm): Via [Net-(U1-PA4)] on F.Cu - B.Cu
[via_diameter]: Via diameter (rule 'Minimum Via Diameter' min diameter 0.4500 mm; actual 0.4000 mm)
    Rule: Minimum Via Diameter; error
    @(142.5250 mm, 102.7500 mm): Via [Net-(U1-PA5)] on F.Cu - B.Cu
[via_diameter]: Via diameter (rule 'Minimum Via Diameter' min diameter 0.4500 mm; actual 0.4000 mm)
    Rule: Minimum Via Diameter; error
    @(143.7750 mm, 98.7500 mm): Via [Net-(U1-PA5)] on F.Cu - B.Cu
[via_diameter]: Via diameter (rule 'Minimum Via Diameter' min diameter 0.4500 mm; actual 0.4000 mm)
    Rule: Minimum Via Diameter; error
    @(140.5000 mm, 92.0000 mm): Via [GND] on F.Cu - B.Cu
[via_diameter]: Via diameter (rule 'Minimum Via Diameter' min diameter 0.4500 mm; actual 0.4000 mm)
    Rule: Minimum Via Diameter; error
    @(137.0250 mm, 99.0000 mm): Via [GND] on F.Cu - B.Cu
[via_diameter]: Via diameter (rule 'Minimum Via Diameter' min diameter 0.4500 mm; actual 0.4000 mm)
    Rule: Minimum Via Diameter; error
    @(158.7750 mm, 98.0000 mm): Via [GND] on F.Cu - B.Cu
[via_diameter]: Via diameter (rule 'Minimum Via Diameter' min diameter 0.4500 mm; actual 0.4000 mm)
    Rule: Minimum Via Diameter; error
    @(141.2750 mm, 107.5000 mm): Via [GND] on F.Cu - B.Cu
[via_diameter]: Via diameter (rule 'Minimum Via Diameter' min diameter 0.4500 mm; actual 0.4000 mm)
    Rule: Minimum Via Diameter; error
    @(138.7750 mm, 107.5000 mm): Via [GND] on F.Cu - B.Cu
[via_diameter]: Via diameter (rule 'Minimum Via Diameter' min diameter 0.4500 mm; actual 0.4000 mm)
    Rule: Minimum Via Diameter; error
    @(140.5250 mm, 90.2500 mm): Via [GND] on F.Cu - B.Cu
[via_diameter]: Via diameter (rule 'Minimum Via Diameter' min diameter 0.4500 mm; actual 0.4000 mm)
    Rule: Minimum Via Diameter; error
    @(138.0250 mm, 89.2500 mm): Via [GND] on F.Cu - B.Cu
[via_diameter]: Via diameter (rule 'Minimum Via Diameter' min diameter 0.4500 mm; actual 0.4000 mm)
    Rule: Minimum Via Diameter; error
    @(147.9750 mm, 96.7500 mm): Via [GND] on F.Cu - B.Cu
[via_diameter]: Via diameter (rule 'Minimum Via Diameter' min diameter 0.4500 mm; actual 0.4000 mm)
    Rule: Minimum Via Diameter; error
    @(154.2750 mm, 98.7500 mm): Via [GND] on F.Cu - B.Cu
[via_diameter]: Via diameter (rule 'Minimum Via Diameter' min diameter 0.4500 mm; actual 0.4000 mm)
    Rule: Minimum Via Diameter; error
    @(156.7422 mm, 109.4672 mm): Via [GND] on F.Cu - B.Cu
[via_diameter]: Via diameter (rule 'Minimum Via Diameter' min diameter 0.4500 mm; actual 0.4000 mm)
    Rule: Minimum Via Diameter; error
    @(142.2750 mm, 90.5000 mm): Via [GND] on F.Cu - B.Cu
[via_diameter]: Via diameter (rule 'Minimum Via Diameter' min diameter 0.4500 mm; actual 0.4000 mm)
    Rule: Minimum Via Diameter; error
    @(147.7750 mm, 106.0000 mm): Via [GND] on F.Cu - B.Cu
[via_diameter]: Via diameter (rule 'Minimum Via Diameter' min diameter 0.4500 mm; actual 0.4000 mm)
    Rule: Minimum Via Diameter; error
    @(148.0250 mm, 100.2500 mm): Via [GND] on F.Cu - B.Cu
[via_diameter]: Via diameter (rule 'Minimum Via Diameter' min diameter 0.4500 mm; actual 0.4000 mm)
    Rule: Minimum Via Diameter; error
    @(142.2750 mm, 95.5000 mm): Via [GND] on F.Cu - B.Cu
[via_diameter]: Via diameter (rule 'Minimum Via Diameter' min diameter 0.4500 mm; actual 0.4000 mm)
    Rule: Minimum Via Diameter; error
    @(151.0250 mm, 91.0000 mm): Via [GND] on F.Cu - B.Cu
[via_diameter]: Via diameter (rule 'Minimum Via Diameter' min diameter 0.4500 mm; actual 0.4000 mm)
    Rule: Minimum Via Diameter; error
    @(137.0250 mm, 102.0000 mm): Via [GND] on F.Cu - B.Cu
[via_diameter]: Via diameter (rule 'Minimum Via Diameter' min diameter 0.4500 mm; actual 0.4000 mm)
    Rule: Minimum Via Diameter; error
    @(142.2750 mm, 93.2500 mm): Via [GND] on F.Cu - B.Cu
[via_diameter]: Via diameter (rule 'Minimum Via Diameter' min diameter 0.4500 mm; actual 0.4000 mm)
    Rule: Minimum Via Diameter; error
    @(155.2750 mm, 100.7500 mm): Via [GND] on F.Cu - B.Cu
[via_diameter]: Via diameter (rule 'Minimum Via Diameter' min diameter 0.4500 mm; actual 0.4000 mm)
    Rule: Minimum Via Diameter; error
    @(144.7750 mm, 107.5000 mm): Via [GND] on F.Cu - B.Cu
[via_diameter]: Via diameter (rule 'Minimum Via Diameter' min diameter 0.4500 mm; actual 0.4000 mm)
    Rule: Minimum Via Diameter; error
    @(156.2750 mm, 106.2500 mm): Via [GND] on F.Cu - B.Cu
[via_diameter]: Via diameter (rule 'Minimum Via Diameter' min diameter 0.4500 mm; actual 0.4000 mm)
    Rule: Minimum Via Diameter; error
    @(143.7750 mm, 100.2500 mm): Via [GND] on F.Cu - B.Cu
[via_diameter]: Via diameter (rule 'Minimum Via Diameter' min diameter 0.4500 mm; actual 0.4000 mm)
    Rule: Minimum Via Diameter; error
    @(143.0250 mm, 107.5000 mm): Via [GND] on F.Cu - B.Cu
[via_diameter]: Via diameter (rule 'Minimum Via Diameter' min diameter 0.4500 mm; actual 0.4000 mm)
    Rule: Minimum Via Diameter; error
    @(149.7750 mm, 105.2500 mm): Via [GND] on F.Cu - B.Cu
[via_diameter]: Via diameter (rule 'Minimum Via Diameter' min diameter 0.4500 mm; actual 0.4000 mm)
    Rule: Minimum Via Diameter; error
    @(157.2750 mm, 110.2500 mm): Via [GND] on F.Cu - B.Cu
[via_diameter]: Via diameter (rule 'Minimum Via Diameter' min diameter 0.4500 mm; actual 0.4000 mm)
    Rule: Minimum Via Diameter; error
    @(145.5250 mm, 91.7500 mm): Via [GND] on F.Cu - B.Cu
[via_diameter]: Via diameter (rule 'Minimum Via Diameter' min diameter 0.4500 mm; actual 0.4000 mm)
    Rule: Minimum Via Diameter; error
    @(141.0250 mm, 99.2500 mm): Via [GND] on F.Cu - B.Cu
[via_diameter]: Via diameter (rule 'Minimum Via Diameter' min diameter 0.4500 mm; actual 0.4000 mm)
    Rule: Minimum Via Diameter; error
    @(158.8400 mm, 112.5510 mm): Via [Net-(JP3-A)] on F.Cu - B.Cu
[via_diameter]: Via diameter (rule 'Minimum Via Diameter' min diameter 0.4500 mm; actual 0.4000 mm)
    Rule: Minimum Via Diameter; error
    @(155.6625 mm, 98.7500 mm): Via [Net-(JP3-A)] on F.Cu - B.Cu
[via_diameter]: Via diameter (rule 'Minimum Via Diameter' min diameter 0.4500 mm; actual 0.4000 mm)
    Rule: Minimum Via Diameter; error
    @(162.5250 mm, 95.5000 mm): Via [Net-(JP3-A)] on F.Cu - B.Cu
[via_diameter]: Via diameter (rule 'Minimum Via Diameter' min diameter 0.4500 mm; actual 0.4000 mm)
    Rule: Minimum Via Diameter; error
    @(156.0250 mm, 97.0000 mm): Via [Net-(JP3-A)] on F.Cu - B.Cu
[via_diameter]: Via diameter (rule 'Minimum Via Diameter' min diameter 0.4500 mm; actual 0.4000 mm)
    Rule: Minimum Via Diameter; error
    @(164.5250 mm, 113.0000 mm): Via [/dsr] on F.Cu - B.Cu
[via_diameter]: Via diameter (rule 'Minimum Via Diameter' min diameter 0.4500 mm; actual 0.4000 mm)
    Rule: Minimum Via Diameter; error
    @(156.8875 mm, 111.8625 mm): Via [/cts] on F.Cu - B.Cu
[via_diameter]: Via diameter (rule 'Minimum Via Diameter' min diameter 0.4500 mm; actual 0.4000 mm)
    Rule: Minimum Via Diameter; error
    @(161.2750 mm, 116.0000 mm): Via [/dtr] on F.Cu - B.Cu
[via_diameter]: Via diameter (rule 'Minimum Via Diameter' min diameter 0.4500 mm; actual 0.4000 mm)
    Rule: Minimum Via Diameter; error
    @(153.3250 mm, 115.5000 mm): Via [/rts] on F.Cu - B.Cu
[via_diameter]: Via diameter (rule 'Minimum Via Diameter' min diameter 0.4500 mm; actual 0.4000 mm)
    Rule: Minimum Via Diameter; error
    @(157.2750 mm, 109.5000 mm): Via [Net-(U4-~{RTS})] on F.Cu - B.Cu
[via_diameter]: Via diameter (rule 'Minimum Via Diameter' min diameter 0.4500 mm; actual 0.4000 mm)
    Rule: Minimum Via Diameter; error
    @(157.2750 mm, 106.2500 mm): Via [Net-(U4-~{RTS})] on F.Cu - B.Cu
[via_diameter]: Via diameter (rule 'Minimum Via Diameter' min diameter 0.4500 mm; actual 0.4000 mm)
    Rule: Minimum Via Diameter; error
    @(155.8750 mm, 114.2958 mm): Via [Net-(U4-~{RTS})] on F.Cu - B.Cu
[via_diameter]: Via diameter (rule 'Minimum Via Diameter' min diameter 0.4500 mm; actual 0.4000 mm)
    Rule: Minimum Via Diameter; error
    @(161.2750 mm, 112.2500 mm): Via [Net-(U4-~{DSR})] on F.Cu - B.Cu
[via_diameter]: Via diameter (rule 'Minimum Via Diameter' min diameter 0.4500 mm; actual 0.4000 mm)
    Rule: Minimum Via Diameter; error
    @(160.2750 mm, 109.0000 mm): Via [Net-(U4-~{DSR})] on F.Cu - B.Cu
[via_diameter]: Via diameter (rule 'Minimum Via Diameter' min diameter 0.4500 mm; actual 0.4000 mm)
    Rule: Minimum Via Diameter; error
    @(153.8362 mm, 112.8547 mm): Via [Net-(U4-~{CTS})] on F.Cu - B.Cu
[via_diameter]: Via diameter (rule 'Minimum Via Diameter' min diameter 0.4500 mm; actual 0.4000 mm)
    Rule: Minimum Via Diameter; error
    @(155.7750 mm, 112.8547 mm): Via [Net-(U4-~{CTS})] on F.Cu - B.Cu
[via_diameter]: Via diameter (rule 'Minimum Via Diameter' min diameter 0.4500 mm; actual 0.4000 mm)
    Rule: Minimum Via Diameter; error
    @(160.2750 mm, 105.6650 mm): Via [Net-(U4-~{DTR})] on F.Cu - B.Cu
[via_diameter]: Via diameter (rule 'Minimum Via Diameter' min diameter 0.4500 mm; actual 0.4000 mm)
    Rule: Minimum Via Diameter; error
    @(160.7750 mm, 111.5000 mm): Via [Net-(U4-~{DTR})] on F.Cu - B.Cu
[via_diameter]: Via diameter (rule 'Minimum Via Diameter' min diameter 0.4500 mm; actual 0.4000 mm)
    Rule: Minimum Via Diameter; error
    @(157.5250 mm, 96.2500 mm): Via [Net-(U7-CE)] on F.Cu - B.Cu
[via_diameter]: Via diameter (rule 'Minimum Via Diameter' min diameter 0.4500 mm; actual 0.4000 mm)
    Rule: Minimum Via Diameter; error
    @(156.0250 mm, 96.2500 mm): Via [Net-(U7-CE)] on F.Cu - B.Cu
[silk_overlap]: Silkscreen overlap
    Rule: board setup constraints silk; warning
    @(138.2750 mm, 97.5000 mm): PCB Text 'CSC' on F.Silkscreen
    @(139.0650 mm, 97.7125 mm): Polygon on F.Silkscreen
[silk_overlap]: Silkscreen overlap
    Rule: board setup constraints silk; warning
    @(160.2750 mm, 112.7500 mm): Segment on F.Silkscreen
    @(160.1750 mm, 113.4500 mm): Segment on F.Silkscreen
[silk_overlap]: Silkscreen overlap
    Rule: board setup constraints silk; warning
    @(160.2750 mm, 112.7500 mm): Segment on F.Silkscreen
    @(159.4750 mm, 114.0500 mm): Arc on F.Silkscreen
[silk_overlap]: Silkscreen overlap
    Rule: board setup constraints silk; warning
    @(160.2750 mm, 112.7500 mm): Segment on F.Silkscreen
    @(159.4750 mm, 113.4500 mm): Arc on F.Silkscreen
[silk_overlap]: Silkscreen overlap
    Rule: board setup constraints silk; warning
    @(158.0750 mm, 112.7500 mm): Segment on F.Silkscreen
    @(157.2750 mm, 112.7500 mm): Segment on F.Silkscreen
[silk_overlap]: Silkscreen overlap
    Rule: board setup constraints silk; warning
    @(159.4750 mm, 114.7500 mm): Segment on F.Silkscreen
    @(157.2750 mm, 114.7500 mm): Segment on F.Silkscreen
[silk_overlap]: Silkscreen overlap
    Rule: board setup constraints silk; warning
    @(159.4750 mm, 114.0500 mm): Arc on F.Silkscreen
    @(157.2750 mm, 114.7500 mm): Segment on F.Silkscreen
[silk_overlap]: Silkscreen overlap
    Rule: board setup constraints silk; warning
    @(156.5250 mm, 113.7500 mm): PCB Text '!!!' on F.Silkscreen
    @(155.8350 mm, 113.0000 mm): Segment on F.Silkscreen
[silk_overlap]: Silkscreen overlap
    Rule: board setup constraints silk; warning
    @(156.5250 mm, 113.7500 mm): PCB Text '!!!' on F.Silkscreen
    @(155.8350 mm, 113.0000 mm): Segment on F.Silkscreen
[silk_overlap]: Silkscreen overlap
    Rule: board setup constraints silk; warning
    @(157.2750 mm, 114.7500 mm): Segment on F.Silkscreen
    @(158.0750 mm, 114.0500 mm): Arc on F.Silkscreen
[silk_overlap]: Silkscreen overlap
    Rule: board setup constraints silk; warning
    @(157.2750 mm, 112.7500 mm): Segment on F.Silkscreen
    @(158.0750 mm, 113.4500 mm): Arc on F.Silkscreen
[silk_overlap]: Silkscreen overlap
    Rule: board setup constraints silk; warning
    @(157.2750 mm, 112.7500 mm): Segment on F.Silkscreen
    @(159.4750 mm, 113.4500 mm): Arc on F.Silkscreen
[silk_overlap]: Silkscreen overlap
    Rule: board setup constraints silk; warning
    @(157.2750 mm, 112.7500 mm): Segment on F.Silkscreen
    @(157.3750 mm, 114.0500 mm): Segment on F.Silkscreen
[silk_overlap]: Silkscreen overlap
    Rule: board setup constraints silk; warning
    @(157.2750 mm, 112.7500 mm): Segment on F.Silkscreen
    @(158.0750 mm, 113.4500 mm): Arc on F.Silkscreen
[silk_overlap]: Silkscreen overlap
    Rule: board setup constraints silk; warning
    @(157.2750 mm, 112.7500 mm): Segment on F.Silkscreen
    @(158.0750 mm, 114.0500 mm): Arc on F.Silkscreen
[silk_overlap]: Silkscreen overlap
    Rule: board setup constraints silk; warning
    @(153.5750 mm, 100.7450 mm): Polygon on F.Silkscreen
    @(154.5250 mm, 100.3100 mm): Segment on F.Silkscreen
[silk_overlap]: Silkscreen overlap
    Rule: board setup constraints silk; warning
    @(161.7150 mm, 113.0000 mm): Segment on F.Silkscreen
    @(161.0250 mm, 113.7500 mm): PCB Text '!!!' on F.Silkscreen
[silk_overlap]: Silkscreen overlap
    Rule: board setup constraints silk; warning
    @(161.0250 mm, 113.7500 mm): PCB Text '!!!' on F.Silkscreen
    @(161.7150 mm, 113.0000 mm): Segment on F.Silkscreen
[silk_overlap]: Silkscreen overlap
    Rule: board setup constraints silk; warning
    @(161.0250 mm, 113.7500 mm): PCB Text '!!!' on F.Silkscreen
    @(161.7650 mm, 114.3000 mm): Polygon on F.Silkscreen
[silk_overlap]: Silkscreen overlap (Pad to Silkscreen clearance 0.1500 mm; actual 0.1124 mm)
    Rule: Pad to Silkscreen; warning
    @(154.1950 mm, 87.1700 mm): Segment on F.Silkscreen
    @(154.4550 mm, 89.8700 mm): PTH pad S1 [GND] of J10
[silk_overlap]: Silkscreen overlap (Pad to Silkscreen clearance 0.1500 mm; actual 0.1124 mm)
    Rule: Pad to Silkscreen; warning
    @(154.1950 mm, 90.9600 mm): Segment on F.Silkscreen
    @(154.4550 mm, 89.8700 mm): PTH pad S1 [GND] of J10
[silk_overlap]: Silkscreen overlap (Pad to Silkscreen clearance 0.1500 mm; actual 0.1124 mm)
    Rule: Pad to Silkscreen; warning
    @(154.1950 mm, 90.9600 mm): Segment on F.Silkscreen
    @(154.4550 mm, 94.0700 mm): PTH pad S1 [GND] of J10
[silk_overlap]: Silkscreen overlap (Pad to Silkscreen clearance 0.1500 mm; actual 0.1373 mm)
    Rule: Pad to Silkscreen; warning
    @(138.1750 mm, 106.0000 mm): PCB Text 'GND' on F.Silkscreen
    @(136.5250 mm, 106.0000 mm): Pad 2 [GND] of J5 on F.Cu
[silk_overlap]: Silkscreen overlap (Pad to Silkscreen clearance 0.1500 mm; actual 0.1074 mm)
    Rule: Pad to Silkscreen; warning
    @(141.7750 mm, 108.0000 mm): PCB Text 'SCO' on F.Silkscreen
    @(141.7750 mm, 109.5000 mm): Pad 3 [/sco] of J1 on F.Cu
[silk_overlap]: Silkscreen overlap (Pad to Silkscreen clearance 0.1500 mm; actual 0.0300 mm)
    Rule: Pad to Silkscreen; warning
    @(137.6150 mm, 115.0229 mm): Segment on F.Silkscreen
    @(136.5250 mm, 115.7500 mm): Pad 1 [Net-(J12-Pin_1)] of J12 on F.Cu
[silk_overlap]: Silkscreen overlap (Pad to Silkscreen clearance 0.1500 mm; actual 0.0300 mm)
    Rule: Pad to Silkscreen; warning
    @(149.4350 mm, 116.4613 mm): Segment on F.Silkscreen
    @(150.5250 mm, 115.7500 mm): Pad 1 [Net-(J13-Pin_1)] of J13 on F.Cu
[silk_overlap]: Silkscreen overlap (Pad to Silkscreen clearance 0.1500 mm; actual 0.0948 mm)
    Rule: Pad to Silkscreen; warning
    @(139.2750 mm, 108.0000 mm): PCB Text 'SCI' on F.Silkscreen
    @(139.2750 mm, 109.5000 mm): Pad 2 [/sci] of J1 on F.Cu
[silk_overlap]: Silkscreen overlap (Pad to Silkscreen clearance 0.1500 mm; actual 0.1400 mm)
    Rule: Pad to Silkscreen; warning
    @(138.8500 mm, 103.7500 mm): Segment on F.Silkscreen
    @(141.3500 mm, 102.8500 mm): Pad 1 [Net-(U2-XB)] of Y1 on F.Cu
[silk_overlap]: Silkscreen overlap (Pad to Silkscreen clearance 0.1500 mm; actual 0.1400 mm)
    Rule: Pad to Silkscreen; warning
    @(138.8500 mm, 103.7500 mm): Segment on F.Silkscreen
    @(139.6500 mm, 102.8500 mm): Pad 4 [GND] of Y1 on F.Cu
[silk_overlap]: Silkscreen overlap (Pad to Silkscreen clearance 0.1500 mm; actual 0.1400 mm)
    Rule: Pad to Silkscreen; warning
    @(142.1500 mm, 103.7500 mm): Segment on F.Silkscreen
    @(141.3500 mm, 100.6500 mm): Pad 2 [GND] of Y1 on F.Cu
[silk_overlap]: Silkscreen overlap (Pad to Silkscreen clearance 0.1500 mm; actual 0.1400 mm)
    Rule: Pad to Silkscreen; warning
    @(142.1500 mm, 103.7500 mm): Segment on F.Silkscreen
    @(141.3500 mm, 102.8500 mm): Pad 1 [Net-(U2-XB)] of Y1 on F.Cu
[silk_overlap]: Silkscreen overlap (Pad to Silkscreen clearance 0.1500 mm; actual 0.1008 mm)
    Rule: Pad to Silkscreen; warning
    @(136.7750 mm, 108.0000 mm): PCB Text 'SCC' on F.Silkscreen
    @(136.7750 mm, 109.5000 mm): Pad 1 [/scc] of J1 on F.Cu
[silk_overlap]: Silkscreen overlap (Pad to Silkscreen clearance 0.1500 mm; actual 0.1219 mm)
    Rule: Pad to Silkscreen; warning
    @(144.2750 mm, 108.0000 mm): PCB Text 'SGW' on F.Silkscreen
    @(144.2750 mm, 109.5000 mm): Pad 4 [/sgw] of J1 on F.Cu
[silk_overlap]: Silkscreen overlap (Pad to Silkscreen clearance 0.1500 mm; actual 0.1294 mm)
    Rule: Pad to Silkscreen; warning
    @(144.2750 mm, 108.0000 mm): PCB Text 'SGW' on F.Silkscreen
    @(146.0250 mm, 108.0875 mm): Pad 1 [Net-(U1-PB2)] of R7 on F.Cu
[silk_overlap]: Silkscreen overlap (Pad to Silkscreen clearance 0.1500 mm; actual 0.1210 mm)
    Rule: Pad to Silkscreen; warning
    @(150.2750 mm, 108.0000 mm): PCB Text 'D02' on F.Silkscreen
    @(150.2750 mm, 109.5000 mm): Pad 1 [/d02] of J4 on F.Cu
[silk_overlap]: Silkscreen overlap (Pad to Silkscreen clearance 0.1500 mm; actual 0.0627 mm)
    Rule: Pad to Silkscreen; warning
    @(147.7750 mm, 108.0000 mm): PCB Text 'A18' on F.Silkscreen
    @(147.7750 mm, 109.5000 mm): Pad 2 [/a18] of J4 on F.Cu
[silk_overlap]: Silkscreen overlap (Pad to Silkscreen clearance 0.1500 mm; actual 0.0636 mm)
    Rule: Pad to Silkscreen; warning
    @(155.0250 mm, 115.5000 mm): PCB Text 'VDD' on F.Silkscreen
    @(155.0250 mm, 117.0000 mm): Pad 1 [VDD] of J9 on F.Cu
[silk_overlap]: Silkscreen overlap (Pad to Silkscreen clearance 0.1500 mm; actual 0.1219 mm)
    Rule: Pad to Silkscreen; warning
    @(157.5250 mm, 115.5000 mm): PCB Text 'TXD' on F.Silkscreen
    @(157.5250 mm, 117.0000 mm): Pad 2 [/txd] of J9 on F.Cu
[silk_overlap]: Silkscreen overlap (Pad to Silkscreen clearance 0.1500 mm; actual 0.1044 mm)
    Rule: Pad to Silkscreen; warning
    @(152.7650 mm, 114.3000 mm): Polygon on F.Silkscreen
    @(152.0250 mm, 114.0000 mm): NPTH pad of REF**
[silk_overlap]: Silkscreen overlap (Pad to Silkscreen clearance 0.1500 mm; actual 0.1089 mm)
    Rule: Pad to Silkscreen; warning
    @(163.3450 mm, 88.7800 mm): Segment on F.Silkscreen
    @(163.0950 mm, 89.8700 mm): PTH pad S1 [GND] of J10
[silk_overlap]: Silkscreen overlap (Pad to Silkscreen clearance 0.1500 mm; actual 0.1089 mm)
    Rule: Pad to Silkscreen; warning
    @(163.3450 mm, 92.8800 mm): Segment on F.Silkscreen
    @(163.0950 mm, 89.8700 mm): PTH pad S1 [GND] of J10
[silk_overlap]: Silkscreen overlap (Pad to Silkscreen clearance 0.1500 mm; actual 0.1089 mm)
    Rule: Pad to Silkscreen; warning
    @(163.3450 mm, 92.8800 mm): Segment on F.Silkscreen
    @(163.0950 mm, 94.0700 mm): PTH pad S1 [GND] of J10
[silk_overlap]: Silkscreen overlap (Pad to Silkscreen clearance 0.1500 mm; actual 0.0936 mm)
    Rule: Pad to Silkscreen; warning
    @(150.7750 mm, 91.7500 mm): PCB Text 'BIO' on F.Silkscreen
    @(152.0250 mm, 92.0000 mm): NPTH pad of REF**
[silk_overlap]: Silkscreen overlap (Pad to Silkscreen clearance 0.1500 mm; actual 0.1438 mm)
    Rule: Pad to Silkscreen; warning
    @(153.2250 mm, 97.2400 mm): Polygon on F.Silkscreen
    @(153.4125 mm, 96.2500 mm): Pad 2 [GND] of C7 on F.Cu
[silk_overlap]: Silkscreen overlap (Pad to Silkscreen clearance 0.1500 mm; actual 0.0636 mm)
    Rule: Pad to Silkscreen; warning
    @(160.0250 mm, 115.5000 mm): PCB Text 'RXD' on F.Silkscreen
    @(160.0250 mm, 117.0000 mm): Pad 3 [/dbg] of J9 on F.Cu
[silk_overlap]: Silkscreen overlap (Pad to Silkscreen clearance 0.1500 mm; actual 0.1297 mm)
    Rule: Pad to Silkscreen; warning
    @(162.5250 mm, 115.5000 mm): PCB Text 'GND' on F.Silkscreen
    @(162.5250 mm, 117.0000 mm): Pad 4 [GND] of J9 on F.Cu

** Found 0 unconnected pads **

** Found 117 Footprint errors **
[duplicate_footprints]: Duplicate footprints
    Local override; warning
    @(152.0250 mm, 105.0000 mm): Footprint REF**
    @(141.0250 mm, 113.0000 mm): Footprint REF**
[duplicate_footprints]: Duplicate footprints
    Local override; warning
    @(152.0250 mm, 116.0000 mm): Footprint REF**
    @(141.0250 mm, 113.0000 mm): Footprint REF**
[duplicate_footprints]: Duplicate footprints
    Local override; warning
    @(152.0250 mm, 111.0000 mm): Footprint REF**
    @(141.0250 mm, 113.0000 mm): Footprint REF**
[duplicate_footprints]: Duplicate footprints
    Local override; warning
    @(152.0250 mm, 110.0000 mm): Footprint REF**
    @(141.0250 mm, 113.0000 mm): Footprint REF**
[duplicate_footprints]: Duplicate footprints
    Local override; warning
    @(152.0250 mm, 94.0000 mm): Footprint REF**
    @(141.0250 mm, 113.0000 mm): Footprint REF**
[duplicate_footprints]: Duplicate footprints
    Local override; warning
    @(151.0250 mm, 111.0000 mm): Footprint REF**
    @(141.0250 mm, 113.0000 mm): Footprint REF**
[duplicate_footprints]: Duplicate footprints
    Local override; warning
    @(152.0250 mm, 103.0000 mm): Footprint REF**
    @(141.0250 mm, 113.0000 mm): Footprint REF**
[duplicate_footprints]: Duplicate footprints
    Local override; warning
    @(152.0250 mm, 89.0000 mm): Footprint REF**
    @(141.0250 mm, 113.0000 mm): Footprint REF**
[duplicate_footprints]: Duplicate footprints
    Local override; warning
    @(147.0250 mm, 113.0000 mm): Footprint REF**
    @(141.0250 mm, 113.0000 mm): Footprint REF**
[duplicate_footprints]: Duplicate footprints
    Local override; warning
    @(152.0250 mm, 90.0000 mm): Footprint REF**
    @(141.0250 mm, 113.0000 mm): Footprint REF**
[duplicate_footprints]: Duplicate footprints
    Local override; warning
    @(152.0250 mm, 115.0000 mm): Footprint REF**
    @(141.0250 mm, 113.0000 mm): Footprint REF**
[duplicate_footprints]: Duplicate footprints
    Local override; warning
    @(152.0250 mm, 114.0000 mm): Footprint REF**
    @(141.0250 mm, 113.0000 mm): Footprint REF**
[duplicate_footprints]: Duplicate footprints
    Local override; warning
    @(152.0250 mm, 112.0000 mm): Footprint REF**
    @(141.0250 mm, 113.0000 mm): Footprint REF**
[duplicate_footprints]: Duplicate footprints
    Local override; warning
    @(149.0250 mm, 111.0000 mm): Footprint REF**
    @(141.0250 mm, 113.0000 mm): Footprint REF**
[duplicate_footprints]: Duplicate footprints
    Local override; warning
    @(138.0250 mm, 111.0000 mm): Footprint REF**
    @(141.0250 mm, 113.0000 mm): Footprint REF**
[duplicate_footprints]: Duplicate footprints
    Local override; warning
    @(137.0250 mm, 113.0000 mm): Footprint REF**
    @(141.0250 mm, 113.0000 mm): Footprint REF**
[duplicate_footprints]: Duplicate footprints
    Local override; warning
    @(152.0250 mm, 92.0000 mm): Footprint REF**
    @(141.0250 mm, 113.0000 mm): Footprint REF**
[duplicate_footprints]: Duplicate footprints
    Local override; warning
    @(152.0250 mm, 107.0000 mm): Footprint REF**
    @(141.0250 mm, 113.0000 mm): Footprint REF**
[duplicate_footprints]: Duplicate footprints
    Local override; warning
    @(152.0250 mm, 99.0000 mm): Footprint REF**
    @(141.0250 mm, 113.0000 mm): Footprint REF**
[duplicate_footprints]: Duplicate footprints
    Local override; warning
    @(136.0250 mm, 113.0000 mm): Footprint REF**
    @(141.0250 mm, 113.0000 mm): Footprint REF**
[duplicate_footprints]: Duplicate footprints
    Local override; warning
    @(148.0250 mm, 111.0000 mm): Footprint REF**
    @(141.0250 mm, 113.0000 mm): Footprint REF**
[duplicate_footprints]: Duplicate footprints
    Local override; warning
    @(147.0250 mm, 111.0000 mm): Footprint REF**
    @(141.0250 mm, 113.0000 mm): Footprint REF**
[duplicate_footprints]: Duplicate footprints
    Local override; warning
    @(137.0250 mm, 111.0000 mm): Footprint REF**
    @(141.0250 mm, 113.0000 mm): Footprint REF**
[duplicate_footprints]: Duplicate footprints
    Local override; warning
    @(152.0250 mm, 98.0000 mm): Footprint REF**
    @(141.0250 mm, 113.0000 mm): Footprint REF**
[duplicate_footprints]: Duplicate footprints
    Local override; warning
    @(152.0250 mm, 108.0000 mm): Footprint REF**
    @(141.0250 mm, 113.0000 mm): Footprint REF**
[duplicate_footprints]: Duplicate footprints
    Local override; warning
    @(140.0250 mm, 111.0000 mm): Footprint REF**
    @(141.0250 mm, 113.0000 mm): Footprint REF**
[duplicate_footprints]: Duplicate footprints
    Local override; warning
    @(152.0250 mm, 109.0000 mm): Footprint REF**
    @(141.0250 mm, 113.0000 mm): Footprint REF**
[duplicate_footprints]: Duplicate footprints
    Local override; warning
    @(150.0250 mm, 111.0000 mm): Footprint REF**
    @(141.0250 mm, 113.0000 mm): Footprint REF**
[duplicate_footprints]: Duplicate footprints
    Local override; warning
    @(152.0250 mm, 106.0000 mm): Footprint REF**
    @(141.0250 mm, 113.0000 mm): Footprint REF**
[duplicate_footprints]: Duplicate footprints
    Local override; warning
    @(142.0250 mm, 113.0000 mm): Footprint REF**
    @(141.0250 mm, 113.0000 mm): Footprint REF**
[duplicate_footprints]: Duplicate footprints
    Local override; warning
    @(152.0250 mm, 93.0000 mm): Footprint REF**
    @(141.0250 mm, 113.0000 mm): Footprint REF**
[duplicate_footprints]: Duplicate footprints
    Local override; warning
    @(148.0250 mm, 113.0000 mm): Footprint REF**
    @(141.0250 mm, 113.0000 mm): Footprint REF**
[duplicate_footprints]: Duplicate footprints
    Local override; warning
    @(144.0250 mm, 113.0000 mm): Footprint REF**
    @(141.0250 mm, 113.0000 mm): Footprint REF**
[duplicate_footprints]: Duplicate footprints
    Local override; warning
    @(141.0250 mm, 111.0000 mm): Footprint REF**
    @(141.0250 mm, 113.0000 mm): Footprint REF**
[duplicate_footprints]: Duplicate footprints
    Local override; warning
    @(150.0250 mm, 113.0000 mm): Footprint REF**
    @(141.0250 mm, 113.0000 mm): Footprint REF**
[duplicate_footprints]: Duplicate footprints
    Local override; warning
    @(146.0250 mm, 113.0000 mm): Footprint REF**
    @(141.0250 mm, 113.0000 mm): Footprint REF**
[duplicate_footprints]: Duplicate footprints
    Local override; warning
    @(143.0250 mm, 111.0000 mm): Footprint REF**
    @(141.0250 mm, 113.0000 mm): Footprint REF**
[duplicate_footprints]: Duplicate footprints
    Local override; warning
    @(146.0250 mm, 111.0000 mm): Footprint REF**
    @(141.0250 mm, 113.0000 mm): Footprint REF**
[duplicate_footprints]: Duplicate footprints
    Local override; warning
    @(144.0250 mm, 111.0000 mm): Footprint REF**
    @(141.0250 mm, 113.0000 mm): Footprint REF**
[duplicate_footprints]: Duplicate footprints
    Local override; warning
    @(152.0250 mm, 95.0000 mm): Footprint REF**
    @(141.0250 mm, 113.0000 mm): Footprint REF**
[duplicate_footprints]: Duplicate footprints
    Local override; warning
    @(152.0250 mm, 117.0000 mm): Footprint REF**
    @(141.0250 mm, 113.0000 mm): Footprint REF**
[duplicate_footprints]: Duplicate footprints
    Local override; warning
    @(151.0250 mm, 113.0000 mm): Footprint REF**
    @(141.0250 mm, 113.0000 mm): Footprint REF**
[duplicate_footprints]: Duplicate footprints
    Local override; warning
    @(139.0250 mm, 111.0000 mm): Footprint REF**
    @(141.0250 mm, 113.0000 mm): Footprint REF**
[duplicate_footprints]: Duplicate footprints
    Local override; warning
    @(140.0250 mm, 113.0000 mm): Footprint REF**
    @(141.0250 mm, 113.0000 mm): Footprint REF**
[duplicate_footprints]: Duplicate footprints
    Local override; warning
    @(149.0250 mm, 113.0000 mm): Footprint REF**
    @(141.0250 mm, 113.0000 mm): Footprint REF**
[duplicate_footprints]: Duplicate footprints
    Local override; warning
    @(152.0250 mm, 118.0000 mm): Footprint REF**
    @(141.0250 mm, 113.0000 mm): Footprint REF**
[duplicate_footprints]: Duplicate footprints
    Local override; warning
    @(152.0250 mm, 113.0000 mm): Footprint REF**
    @(141.0250 mm, 113.0000 mm): Footprint REF**
[duplicate_footprints]: Duplicate footprints
    Local override; warning
    @(143.0250 mm, 113.0000 mm): Footprint REF**
    @(141.0250 mm, 113.0000 mm): Footprint REF**
[duplicate_footprints]: Duplicate footprints
    Local override; warning
    @(138.0250 mm, 113.0000 mm): Footprint REF**
    @(141.0250 mm, 113.0000 mm): Footprint REF**
[duplicate_footprints]: Duplicate footprints
    Local override; warning
    @(152.0250 mm, 97.0000 mm): Footprint REF**
    @(141.0250 mm, 113.0000 mm): Footprint REF**
[duplicate_footprints]: Duplicate footprints
    Local override; warning
    @(139.0250 mm, 113.0000 mm): Footprint REF**
    @(141.0250 mm, 113.0000 mm): Footprint REF**
[duplicate_footprints]: Duplicate footprints
    Local override; warning
    @(152.0250 mm, 96.0000 mm): Footprint REF**
    @(141.0250 mm, 113.0000 mm): Footprint REF**
[duplicate_footprints]: Duplicate footprints
    Local override; warning
    @(136.0250 mm, 111.0000 mm): Footprint REF**
    @(141.0250 mm, 113.0000 mm): Footprint REF**
[duplicate_footprints]: Duplicate footprints
    Local override; warning
    @(145.0250 mm, 111.0000 mm): Footprint REF**
    @(141.0250 mm, 113.0000 mm): Footprint REF**
[duplicate_footprints]: Duplicate footprints
    Local override; warning
    @(145.0250 mm, 113.0000 mm): Footprint REF**
    @(141.0250 mm, 113.0000 mm): Footprint REF**
[duplicate_footprints]: Duplicate footprints
    Local override; warning
    @(152.0250 mm, 91.0000 mm): Footprint REF**
    @(141.0250 mm, 113.0000 mm): Footprint REF**
[duplicate_footprints]: Duplicate footprints
    Local override; warning
    @(142.0250 mm, 111.0000 mm): Footprint REF**
    @(141.0250 mm, 113.0000 mm): Footprint REF**
[duplicate_footprints]: Duplicate footprints
    Local override; warning
    @(152.0250 mm, 104.0000 mm): Footprint REF**
    @(141.0250 mm, 113.0000 mm): Footprint REF**
[extra_footprint]: Extra footprint
    Local override; warning
    @(141.0250 mm, 113.0000 mm): Footprint REF**
[extra_footprint]: Extra footprint
    Local override; warning
    @(152.0250 mm, 105.0000 mm): Footprint REF**
[extra_footprint]: Extra footprint
    Local override; warning
    @(152.0250 mm, 116.0000 mm): Footprint REF**
[extra_footprint]: Extra footprint
    Local override; warning
    @(152.0250 mm, 111.0000 mm): Footprint REF**
[extra_footprint]: Extra footprint
    Local override; warning
    @(152.0250 mm, 110.0000 mm): Footprint REF**
[extra_footprint]: Extra footprint
    Local override; warning
    @(152.0250 mm, 94.0000 mm): Footprint REF**
[extra_footprint]: Extra footprint
    Local override; warning
    @(151.0250 mm, 111.0000 mm): Footprint REF**
[extra_footprint]: Extra footprint
    Local override; warning
    @(152.0250 mm, 103.0000 mm): Footprint REF**
[extra_footprint]: Extra footprint
    Local override; warning
    @(152.0250 mm, 89.0000 mm): Footprint REF**
[extra_footprint]: Extra footprint
    Local override; warning
    @(147.0250 mm, 113.0000 mm): Footprint REF**
[extra_footprint]: Extra footprint
    Local override; warning
    @(152.0250 mm, 90.0000 mm): Footprint REF**
[extra_footprint]: Extra footprint
    Local override; warning
    @(152.0250 mm, 115.0000 mm): Footprint REF**
[extra_footprint]: Extra footprint
    Local override; warning
    @(152.0250 mm, 114.0000 mm): Footprint REF**
[extra_footprint]: Extra footprint
    Local override; warning
    @(152.0250 mm, 112.0000 mm): Footprint REF**
[extra_footprint]: Extra footprint
    Local override; warning
    @(149.0250 mm, 111.0000 mm): Footprint REF**
[extra_footprint]: Extra footprint
    Local override; warning
    @(138.0250 mm, 111.0000 mm): Footprint REF**
[extra_footprint]: Extra footprint
    Local override; warning
    @(137.0250 mm, 113.0000 mm): Footprint REF**
[extra_footprint]: Extra footprint
    Local override; warning
    @(152.0250 mm, 92.0000 mm): Footprint REF**
[extra_footprint]: Extra footprint
    Local override; warning
    @(152.0250 mm, 107.0000 mm): Footprint REF**
[extra_footprint]: Extra footprint
    Local override; warning
    @(152.0250 mm, 99.0000 mm): Footprint REF**
[extra_footprint]: Extra footprint
    Local override; warning
    @(136.0250 mm, 113.0000 mm): Footprint REF**
[extra_footprint]: Extra footprint
    Local override; warning
    @(148.0250 mm, 111.0000 mm): Footprint REF**
[extra_footprint]: Extra footprint
    Local override; warning
    @(147.0250 mm, 111.0000 mm): Footprint REF**
[extra_footprint]: Extra footprint
    Local override; warning
    @(137.0250 mm, 111.0000 mm): Footprint REF**
[extra_footprint]: Extra footprint
    Local override; warning
    @(152.0250 mm, 98.0000 mm): Footprint REF**
[extra_footprint]: Extra footprint
    Local override; warning
    @(152.0250 mm, 108.0000 mm): Footprint REF**
[extra_footprint]: Extra footprint
    Local override; warning
    @(140.0250 mm, 111.0000 mm): Footprint REF**
[extra_footprint]: Extra footprint
    Local override; warning
    @(152.0250 mm, 109.0000 mm): Footprint REF**
[extra_footprint]: Extra footprint
    Local override; warning
    @(150.0250 mm, 111.0000 mm): Footprint REF**
[extra_footprint]: Extra footprint
    Local override; warning
    @(152.0250 mm, 106.0000 mm): Footprint REF**
[extra_footprint]: Extra footprint
    Local override; warning
    @(142.0250 mm, 113.0000 mm): Footprint REF**
[extra_footprint]: Extra footprint
    Local override; warning
    @(152.0250 mm, 93.0000 mm): Footprint REF**
[extra_footprint]: Extra footprint
    Local override; warning
    @(148.0250 mm, 113.0000 mm): Footprint REF**
[extra_footprint]: Extra footprint
    Local override; warning
    @(144.0250 mm, 113.0000 mm): Footprint REF**
[extra_footprint]: Extra footprint
    Local override; warning
    @(141.0250 mm, 111.0000 mm): Footprint REF**
[extra_footprint]: Extra footprint
    Local override; warning
    @(150.0250 mm, 113.0000 mm): Footprint REF**
[extra_footprint]: Extra footprint
    Local override; warning
    @(146.0250 mm, 113.0000 mm): Footprint REF**
[extra_footprint]: Extra footprint
    Local override; warning
    @(143.0250 mm, 111.0000 mm): Footprint REF**
[extra_footprint]: Extra footprint
    Local override; warning
    @(146.0250 mm, 111.0000 mm): Footprint REF**
[extra_footprint]: Extra footprint
    Local override; warning
    @(144.0250 mm, 111.0000 mm): Footprint REF**
[extra_footprint]: Extra footprint
    Local override; warning
    @(152.0250 mm, 95.0000 mm): Footprint REF**
[extra_footprint]: Extra footprint
    Local override; warning
    @(152.0250 mm, 117.0000 mm): Footprint REF**
[extra_footprint]: Extra footprint
    Local override; warning
    @(151.0250 mm, 113.0000 mm): Footprint REF**
[extra_footprint]: Extra footprint
    Local override; warning
    @(139.0250 mm, 111.0000 mm): Footprint REF**
[extra_footprint]: Extra footprint
    Local override; warning
    @(140.0250 mm, 113.0000 mm): Footprint REF**
[extra_footprint]: Extra footprint
    Local override; warning
    @(149.0250 mm, 113.0000 mm): Footprint REF**
[extra_footprint]: Extra footprint
    Local override; warning
    @(152.0250 mm, 118.0000 mm): Footprint REF**
[extra_footprint]: Extra footprint
    Local override; warning
    @(152.0250 mm, 113.0000 mm): Footprint REF**
[extra_footprint]: Extra footprint
    Local override; warning
    @(143.0250 mm, 113.0000 mm): Footprint REF**
[extra_footprint]: Extra footprint
    Local override; warning
    @(138.0250 mm, 113.0000 mm): Footprint REF**
[extra_footprint]: Extra footprint
    Local override; warning
    @(152.0250 mm, 97.0000 mm): Footprint REF**
[extra_footprint]: Extra footprint
    Local override; warning
    @(139.0250 mm, 113.0000 mm): Footprint REF**
[extra_footprint]: Extra footprint
    Local override; warning
    @(152.0250 mm, 96.0000 mm): Footprint REF**
[extra_footprint]: Extra footprint
    Local override; warning
    @(136.0250 mm, 111.0000 mm): Footprint REF**
[extra_footprint]: Extra footprint
    Local override; warning
    @(145.0250 mm, 111.0000 mm): Footprint REF**
[extra_footprint]: Extra footprint
    Local override; warning
    @(145.0250 mm, 113.0000 mm): Footprint REF**
[extra_footprint]: Extra footprint
    Local override; warning
    @(152.0250 mm, 91.0000 mm): Footprint REF**
[extra_footprint]: Extra footprint
    Local override; warning
    @(142.0250 mm, 111.0000 mm): Footprint REF**
[extra_footprint]: Extra footprint
    Local override; warning
    @(152.0250 mm, 104.0000 mm): Footprint REF**

** End of Report **
